#
# There is insufficient memory for the Java Runtime Environment to continue.
# Native memory allocation (malloc) failed to allocate 704016 bytes. Error detail: Chunk::new
# Possible reasons:
#   The system is out of physical RAM or swap space
#   This process is running with CompressedOops enabled, and the Java Heap may be blocking the growth of the native heap
# Possible solutions:
#   Reduce memory load on the system
#   Increase physical memory or swap space
#   Check if swap backing store is full
#   Decrease Java heap size (-Xmx/-Xms)
#   Decrease number of Java threads
#   Decrease Java thread stack sizes (-Xss)
#   Set larger code cache with -XX:ReservedCodeCacheSize=
#   JVM is running with Unscaled Compressed Oops mode in which the Java heap is
#     placed in the first 4GB address space. The Java Heap base address is the
#     maximum limit for the native heap growth. Please use -XX:HeapBaseMinAddress
#     to set the Java Heap base and to place the Java Heap above 4GB virtual address.
# This output file may be truncated or incomplete.
#
#  Out of Memory Error (arena.cpp:191), pid=6792, tid=21932
#
# JRE version: OpenJDK Runtime Environment Temurin-17.0.13+11 (17.0.13+11) (build 17.0.13+11)
# Java VM: OpenJDK 64-Bit Server VM Temurin-17.0.13+11 (17.0.13+11, mixed mode, tiered, compressed oops, compressed class ptrs, g1 gc, windows-amd64)
# No core dump will be written. Minidumps are not enabled by default on client versions of Windows
#

---------------  S U M M A R Y ------------

Command Line: -XX:+ShowCodeDetailsInExceptionMessages co.edu.unbosque.controller.AplMain

Host: AMD Ryzen 3 3250U with Radeon Graphics         , 4 cores, 3G,  Windows 11 , 64 bit Build 22621 (10.0.22621.4391)
Time: Wed Nov 20 00:20:29 2024 Hora est. Pacífico, Sudamérica elapsed time: 27.603981 seconds (0d 0h 0m 27s)

---------------  T H R E A D  ---------------

Current thread (0x000002abf9d76680):  JavaThread "C2 CompilerThread0" daemon [_thread_in_native, id=21932, stack(0x000000c5da800000,0x000000c5da900000)]


Current CompileTask:
C2:  27604 3317       4       jdk.internal.org.objectweb.asm.Frame::execute (2318 bytes)

Stack: [0x000000c5da800000,0x000000c5da900000]
Native frames: (J=compiled Java code, j=interpreted, Vv=VM code, C=native code)
V  [jvm.dll+0x682a19]
V  [jvm.dll+0x839538]
V  [jvm.dll+0x83afe3]
V  [jvm.dll+0x83b653]
V  [jvm.dll+0x24704f]
V  [jvm.dll+0xace34]
V  [jvm.dll+0xad4cc]
V  [jvm.dll+0x2ac84f]
V  [jvm.dll+0x588a79]
V  [jvm.dll+0x220ea2]
V  [jvm.dll+0x219b8b]
V  [jvm.dll+0x21738b]
V  [jvm.dll+0x1a3070]
V  [jvm.dll+0x22788c]
V  [jvm.dll+0x2259eb]
V  [jvm.dll+0x7eec98]
V  [jvm.dll+0x7e8ffc]
V  [jvm.dll+0x6818f7]
C  [ucrtbase.dll+0x29333]
C  [KERNEL32.DLL+0x1259d]
C  [ntdll.dll+0x5af38]


---------------  P R O C E S S  ---------------

Threads class SMR info:
_java_thread_list=0x000002ab94e4d3a0, length=20, elements={
0x000002abf2b0d170, 0x000002abf9d2f040, 0x000002abf9d30330, 0x000002abf9d74010,
0x000002abf9d748e0, 0x000002abf9d751b0, 0x000002abf9d75a80, 0x000002abf9d76680,
0x000002abf9d78fa0, 0x000002abf9d7c060, 0x000002abfe120560, 0x000002abfe135ee0,
0x000002abfe557540, 0x000002abfe736510, 0x000002abfe8a7bc0, 0x000002abfe8a80d0,
0x000002abfe8a8af0, 0x000002ab8f2e5f90, 0x000002ab8f2e64a0, 0x000002ab8f2e78e0
}

Java Threads: ( => current thread )
  0x000002abf2b0d170 JavaThread "main" [_thread_in_vm, id=19828, stack(0x000000c5d9b00000,0x000000c5d9c00000)]
  0x000002abf9d2f040 JavaThread "Reference Handler" daemon [_thread_blocked, id=7268, stack(0x000000c5da200000,0x000000c5da300000)]
  0x000002abf9d30330 JavaThread "Finalizer" daemon [_thread_blocked, id=18208, stack(0x000000c5da300000,0x000000c5da400000)]
  0x000002abf9d74010 JavaThread "Signal Dispatcher" daemon [_thread_blocked, id=16992, stack(0x000000c5da400000,0x000000c5da500000)]
  0x000002abf9d748e0 JavaThread "Attach Listener" daemon [_thread_blocked, id=7164, stack(0x000000c5da500000,0x000000c5da600000)]
  0x000002abf9d751b0 JavaThread "Service Thread" daemon [_thread_blocked, id=21264, stack(0x000000c5da600000,0x000000c5da700000)]
  0x000002abf9d75a80 JavaThread "Monitor Deflation Thread" daemon [_thread_blocked, id=21832, stack(0x000000c5da700000,0x000000c5da800000)]
=>0x000002abf9d76680 JavaThread "C2 CompilerThread0" daemon [_thread_in_native, id=21932, stack(0x000000c5da800000,0x000000c5da900000)]
  0x000002abf9d78fa0 JavaThread "C1 CompilerThread0" daemon [_thread_blocked, id=22032, stack(0x000000c5da900000,0x000000c5daa00000)]
  0x000002abf9d7c060 JavaThread "Sweeper thread" daemon [_thread_blocked, id=19184, stack(0x000000c5daa00000,0x000000c5dab00000)]
  0x000002abfe120560 JavaThread "Notification Thread" daemon [_thread_blocked, id=22632, stack(0x000000c5dab00000,0x000000c5dac00000)]
  0x000002abfe135ee0 JavaThread "Common-Cleaner" daemon [_thread_blocked, id=17492, stack(0x000000c5dad00000,0x000000c5dae00000)]
  0x000002abfe557540 JavaThread "Java2D Disposer" daemon [_thread_blocked, id=18888, stack(0x000000c5dae00000,0x000000c5daf00000)]
  0x000002abfe736510 JavaThread "AWT-Windows" daemon [_thread_in_native, id=17724, stack(0x000000c5db000000,0x000000c5db100000)]
  0x000002abfe8a7bc0 JavaThread "AWT-Shutdown" [_thread_blocked, id=1040, stack(0x000000c5daf00000,0x000000c5db000000)]
  0x000002abfe8a80d0 JavaThread "AWT-EventQueue-0" [_thread_blocked, id=20588, stack(0x000000c5dba00000,0x000000c5dbb00000)]
  0x000002abfe8a8af0 JavaThread "D3D Screen Updater" daemon [_thread_blocked, id=20012, stack(0x000000c5dbe00000,0x000000c5dbf00000)]
  0x000002ab8f2e5f90 JavaThread "TimerQueue" daemon [_thread_blocked, id=20664, stack(0x000000c5dbf00000,0x000000c5dc000000)]
  0x000002ab8f2e64a0 JavaThread "PostgreSQL-JDBC-Cleaner" daemon [_thread_blocked, id=23060, stack(0x000000c5dc100000,0x000000c5dc200000)]
  0x000002ab8f2e78e0 JavaThread "Hibernate Connection Pool Validation Thread" daemon [_thread_blocked, id=21476, stack(0x000000c5dc200000,0x000000c5dc300000)]

Other Threads:
  0x000002abf2bbec50 VMThread "VM Thread" [stack: 0x000000c5da100000,0x000000c5da200000] [id=24224]
  0x000002abfe127480 WatcherThread [stack: 0x000000c5dac00000,0x000000c5dad00000] [id=23416]
  0x000002abf2b4da80 GCTaskThread "GC Thread#0" [stack: 0x000000c5d9c00000,0x000000c5d9d00000] [id=5172]
  0x000002abfe7a6d10 GCTaskThread "GC Thread#1" [stack: 0x000000c5db100000,0x000000c5db200000] [id=22728]
  0x000002abfe9eac20 GCTaskThread "GC Thread#2" [stack: 0x000000c5db200000,0x000000c5db300000] [id=15804]
  0x000002abfebfe010 GCTaskThread "GC Thread#3" [stack: 0x000000c5db300000,0x000000c5db400000] [id=22576]
  0x000002abf2b55620 ConcurrentGCThread "G1 Main Marker" [stack: 0x000000c5d9d00000,0x000000c5d9e00000] [id=21160]
  0x000002abf2b565f0 ConcurrentGCThread "G1 Conc#0" [stack: 0x000000c5d9e00000,0x000000c5d9f00000] [id=17312]
  0x000002abf2b93bc0 ConcurrentGCThread "G1 Refine#0" [stack: 0x000000c5d9f00000,0x000000c5da000000] [id=18368]
  0x000002abf2b94400 ConcurrentGCThread "G1 Service" [stack: 0x000000c5da000000,0x000000c5da100000] [id=20468]

Threads with active compile tasks:
C2 CompilerThread0    27675 3317       4       jdk.internal.org.objectweb.asm.Frame::execute (2318 bytes)

VM state: not at safepoint (normal execution)

VM Mutex/Monitor currently owned by a thread: None

Heap address: 0x00000000c8e00000, size: 882 MB, Compressed Oops mode: 32-bit

CDS archive(s) not mapped
Compressed class space mapped at: 0x0000000100000000-0x0000000140000000, reserved size: 1073741824
Narrow klass base: 0x0000000000000000, Narrow klass shift: 3, Narrow klass range: 0x140000000

GC Precious Log:
 CPUs: 4 total, 4 available
 Memory: 3526M
 Large Page Support: Disabled
 NUMA Support: Disabled
 Compressed Oops: Enabled (32-bit)
 Heap Region Size: 1M
 Heap Min Capacity: 8M
 Heap Initial Capacity: 56M
 Heap Max Capacity: 882M
 Pre-touch: Disabled
 Parallel Workers: 4
 Concurrent Workers: 1
 Concurrent Refinement Workers: 4
 Periodic GC: Disabled

Heap:
 garbage-first heap   total 123904K, used 64897K [0x00000000c8e00000, 0x0000000100000000)
  region size 1024K, 32 young (32768K), 2 survivors (2048K)
 Metaspace       used 35495K, committed 35904K, reserved 1114112K
  class space    used 4355K, committed 4544K, reserved 1048576K

Heap Regions: E=young(eden), S=young(survivor), O=old, HS=humongous(starts), HC=humongous(continues), CS=collection set, F=free, OA=open archive, CA=closed archive, TAMS=top-at-mark-start (previous, next)
|   0|0x00000000c8e00000, 0x00000000c8f00000, 0x00000000c8f00000|100%|HS|  |TAMS 0x00000000c8f00000, 0x00000000c8f00000| Complete 
|   1|0x00000000c8f00000, 0x00000000c9000000, 0x00000000c9000000|100%| O|  |TAMS 0x00000000c9000000, 0x00000000c9000000| Untracked 
|   2|0x00000000c9000000, 0x00000000c9100000, 0x00000000c9100000|100%| O|  |TAMS 0x00000000c9100000, 0x00000000c9100000| Untracked 
|   3|0x00000000c9100000, 0x00000000c9200000, 0x00000000c9200000|100%|HS|  |TAMS 0x00000000c9200000, 0x00000000c9200000| Complete 
|   4|0x00000000c9200000, 0x00000000c9300000, 0x00000000c9300000|100%|HC|  |TAMS 0x00000000c9300000, 0x00000000c9300000| Complete 
|   5|0x00000000c9300000, 0x00000000c9400000, 0x00000000c9400000|100%|HC|  |TAMS 0x00000000c9400000, 0x00000000c9400000| Complete 
|   6|0x00000000c9400000, 0x00000000c9500000, 0x00000000c9500000|100%|HC|  |TAMS 0x00000000c9500000, 0x00000000c9500000| Complete 
|   7|0x00000000c9500000, 0x00000000c9600000, 0x00000000c9600000|100%|HC|  |TAMS 0x00000000c9600000, 0x00000000c9600000| Complete 
|   8|0x00000000c9600000, 0x00000000c9700000, 0x00000000c9700000|100%| O|  |TAMS 0x00000000c9700000, 0x00000000c9700000| Untracked 
|   9|0x00000000c9700000, 0x00000000c9800000, 0x00000000c9800000|100%| O|  |TAMS 0x00000000c9769c00, 0x00000000c9800000| Untracked 
|  10|0x00000000c9800000, 0x00000000c9900000, 0x00000000c9900000|100%| O|  |TAMS 0x00000000c9800000, 0x00000000c9900000| Untracked 
|  11|0x00000000c9900000, 0x00000000c9984a00, 0x00000000c9a00000| 51%| O|  |TAMS 0x00000000c9900000, 0x00000000c9984a00| Untracked 
|  12|0x00000000c9a00000, 0x00000000c9b00000, 0x00000000c9b00000|100%|HS|  |TAMS 0x00000000c9a00000, 0x00000000c9b00000| Complete 
|  13|0x00000000c9b00000, 0x00000000c9c00000, 0x00000000c9c00000|100%|HC|  |TAMS 0x00000000c9b00000, 0x00000000c9c00000| Complete 
|  14|0x00000000c9c00000, 0x00000000c9d00000, 0x00000000c9d00000|100%|HS|  |TAMS 0x00000000c9c00000, 0x00000000c9d00000| Complete 
|  15|0x00000000c9d00000, 0x00000000c9e00000, 0x00000000c9e00000|100%|HS|  |TAMS 0x00000000c9d00000, 0x00000000c9e00000| Complete 
|  16|0x00000000c9e00000, 0x00000000c9f00000, 0x00000000c9f00000|100%|HC|  |TAMS 0x00000000c9e00000, 0x00000000c9f00000| Complete 
|  17|0x00000000c9f00000, 0x00000000ca000000, 0x00000000ca000000|100%|HS|  |TAMS 0x00000000c9f00000, 0x00000000ca000000| Complete 
|  18|0x00000000ca000000, 0x00000000ca100000, 0x00000000ca100000|100%|HC|  |TAMS 0x00000000ca000000, 0x00000000ca100000| Complete 
|  19|0x00000000ca100000, 0x00000000ca200000, 0x00000000ca200000|100%|HC|  |TAMS 0x00000000ca100000, 0x00000000ca200000| Complete 
|  20|0x00000000ca200000, 0x00000000ca300000, 0x00000000ca300000|100%|HC|  |TAMS 0x00000000ca200000, 0x00000000ca300000| Complete 
|  21|0x00000000ca300000, 0x00000000ca400000, 0x00000000ca400000|100%|HS|  |TAMS 0x00000000ca300000, 0x00000000ca300000| Complete 
|  22|0x00000000ca400000, 0x00000000ca500000, 0x00000000ca500000|100%|HC|  |TAMS 0x00000000ca400000, 0x00000000ca400000| Complete 
|  23|0x00000000ca500000, 0x00000000ca600000, 0x00000000ca600000|100%| O|  |TAMS 0x00000000ca500000, 0x00000000ca600000| Untracked 
|  24|0x00000000ca600000, 0x00000000ca649000, 0x00000000ca700000| 28%| O|  |TAMS 0x00000000ca600000, 0x00000000ca649000| Untracked 
|  25|0x00000000ca700000, 0x00000000ca800000, 0x00000000ca800000|100%|HS|  |TAMS 0x00000000ca700000, 0x00000000ca700000| Complete 
|  26|0x00000000ca800000, 0x00000000ca900000, 0x00000000ca900000|100%|HC|  |TAMS 0x00000000ca800000, 0x00000000ca800000| Complete 
|  27|0x00000000ca900000, 0x00000000caa00000, 0x00000000caa00000|100%|HS|  |TAMS 0x00000000ca900000, 0x00000000ca900000| Complete 
|  28|0x00000000caa00000, 0x00000000cab00000, 0x00000000cab00000|100%|HC|  |TAMS 0x00000000caa00000, 0x00000000caa00000| Complete 
|  29|0x00000000cab00000, 0x00000000cac00000, 0x00000000cac00000|100%|HS|  |TAMS 0x00000000cab00000, 0x00000000cab00000| Complete 
|  30|0x00000000cac00000, 0x00000000cad00000, 0x00000000cad00000|100%|HC|  |TAMS 0x00000000cac00000, 0x00000000cac00000| Complete 
|  31|0x00000000cad00000, 0x00000000cae00000, 0x00000000cae00000|100%|HS|  |TAMS 0x00000000cad00000, 0x00000000cad00000| Complete 
|  32|0x00000000cae00000, 0x00000000caf00000, 0x00000000caf00000|100%|HC|  |TAMS 0x00000000cae00000, 0x00000000cae00000| Complete 
|  33|0x00000000caf00000, 0x00000000cb000000, 0x00000000cb000000|100%|HS|  |TAMS 0x00000000caf00000, 0x00000000caf00000| Complete 
|  34|0x00000000cb000000, 0x00000000cb000000, 0x00000000cb100000|  0%| F|  |TAMS 0x00000000cb000000, 0x00000000cb000000| Untracked 
|  35|0x00000000cb100000, 0x00000000cb100000, 0x00000000cb200000|  0%| F|  |TAMS 0x00000000cb100000, 0x00000000cb100000| Untracked 
|  36|0x00000000cb200000, 0x00000000cb200000, 0x00000000cb300000|  0%| F|  |TAMS 0x00000000cb200000, 0x00000000cb200000| Untracked 
|  37|0x00000000cb300000, 0x00000000cb300000, 0x00000000cb400000|  0%| F|  |TAMS 0x00000000cb300000, 0x00000000cb300000| Untracked 
|  38|0x00000000cb400000, 0x00000000cb400000, 0x00000000cb500000|  0%| F|  |TAMS 0x00000000cb400000, 0x00000000cb400000| Untracked 
|  39|0x00000000cb500000, 0x00000000cb500000, 0x00000000cb600000|  0%| F|  |TAMS 0x00000000cb500000, 0x00000000cb500000| Untracked 
|  40|0x00000000cb600000, 0x00000000cb600000, 0x00000000cb700000|  0%| F|  |TAMS 0x00000000cb600000, 0x00000000cb600000| Untracked 
|  41|0x00000000cb700000, 0x00000000cb700000, 0x00000000cb800000|  0%| F|  |TAMS 0x00000000cb700000, 0x00000000cb700000| Untracked 
|  42|0x00000000cb800000, 0x00000000cb800000, 0x00000000cb900000|  0%| F|  |TAMS 0x00000000cb800000, 0x00000000cb800000| Untracked 
|  43|0x00000000cb900000, 0x00000000cb900000, 0x00000000cba00000|  0%| F|  |TAMS 0x00000000cb900000, 0x00000000cb900000| Untracked 
|  44|0x00000000cba00000, 0x00000000cba00000, 0x00000000cbb00000|  0%| F|  |TAMS 0x00000000cba00000, 0x00000000cba00000| Untracked 
|  45|0x00000000cbb00000, 0x00000000cbb00000, 0x00000000cbc00000|  0%| F|  |TAMS 0x00000000cbb00000, 0x00000000cbb00000| Untracked 
|  46|0x00000000cbc00000, 0x00000000cbc00000, 0x00000000cbd00000|  0%| F|  |TAMS 0x00000000cbc00000, 0x00000000cbc00000| Untracked 
|  47|0x00000000cbd00000, 0x00000000cbd92b70, 0x00000000cbe00000| 57%| S|CS|TAMS 0x00000000cbd00000, 0x00000000cbd00000| Complete 
|  48|0x00000000cbe00000, 0x00000000cbf00000, 0x00000000cbf00000|100%| S|CS|TAMS 0x00000000cbe00000, 0x00000000cbe00000| Complete 
|  49|0x00000000cbf00000, 0x00000000cbf00000, 0x00000000cc000000|  0%| F|  |TAMS 0x00000000cbf00000, 0x00000000cbf00000| Untracked 
|  50|0x00000000cc000000, 0x00000000cc000000, 0x00000000cc100000|  0%| F|  |TAMS 0x00000000cc000000, 0x00000000cc000000| Untracked 
|  51|0x00000000cc100000, 0x00000000cc100000, 0x00000000cc200000|  0%| F|  |TAMS 0x00000000cc100000, 0x00000000cc100000| Untracked 
|  52|0x00000000cc200000, 0x00000000cc200000, 0x00000000cc300000|  0%| F|  |TAMS 0x00000000cc200000, 0x00000000cc200000| Untracked 
|  53|0x00000000cc300000, 0x00000000cc300000, 0x00000000cc400000|  0%| F|  |TAMS 0x00000000cc300000, 0x00000000cc300000| Untracked 
|  54|0x00000000cc400000, 0x00000000cc400000, 0x00000000cc500000|  0%| F|  |TAMS 0x00000000cc400000, 0x00000000cc400000| Untracked 
|  55|0x00000000cc500000, 0x00000000cc500000, 0x00000000cc600000|  0%| F|  |TAMS 0x00000000cc500000, 0x00000000cc500000| Untracked 
|  56|0x00000000cc600000, 0x00000000cc600000, 0x00000000cc700000|  0%| F|  |TAMS 0x00000000cc600000, 0x00000000cc600000| Untracked 
|  57|0x00000000cc700000, 0x00000000cc700000, 0x00000000cc800000|  0%| F|  |TAMS 0x00000000cc700000, 0x00000000cc700000| Untracked 
|  58|0x00000000cc800000, 0x00000000cc800000, 0x00000000cc900000|  0%| F|  |TAMS 0x00000000cc800000, 0x00000000cc800000| Untracked 
|  59|0x00000000cc900000, 0x00000000cc900000, 0x00000000cca00000|  0%| F|  |TAMS 0x00000000cc900000, 0x00000000cc900000| Untracked 
|  60|0x00000000cca00000, 0x00000000cca00000, 0x00000000ccb00000|  0%| F|  |TAMS 0x00000000cca00000, 0x00000000cca00000| Untracked 
|  61|0x00000000ccb00000, 0x00000000ccb00000, 0x00000000ccc00000|  0%| F|  |TAMS 0x00000000ccb00000, 0x00000000ccb00000| Untracked 
|  62|0x00000000ccc00000, 0x00000000ccc00000, 0x00000000ccd00000|  0%| F|  |TAMS 0x00000000ccc00000, 0x00000000ccc00000| Untracked 
|  63|0x00000000ccd00000, 0x00000000ccd00000, 0x00000000cce00000|  0%| F|  |TAMS 0x00000000ccd00000, 0x00000000ccd00000| Untracked 
|  64|0x00000000cce00000, 0x00000000cce00000, 0x00000000ccf00000|  0%| F|  |TAMS 0x00000000cce00000, 0x00000000cce00000| Untracked 
|  65|0x00000000ccf00000, 0x00000000ccf00000, 0x00000000cd000000|  0%| F|  |TAMS 0x00000000ccf00000, 0x00000000ccf00000| Untracked 
|  66|0x00000000cd000000, 0x00000000cd000000, 0x00000000cd100000|  0%| F|  |TAMS 0x00000000cd000000, 0x00000000cd000000| Untracked 
|  67|0x00000000cd100000, 0x00000000cd100000, 0x00000000cd200000|  0%| F|  |TAMS 0x00000000cd100000, 0x00000000cd100000| Untracked 
|  68|0x00000000cd200000, 0x00000000cd200000, 0x00000000cd300000|  0%| F|  |TAMS 0x00000000cd200000, 0x00000000cd200000| Untracked 
|  69|0x00000000cd300000, 0x00000000cd300000, 0x00000000cd400000|  0%| F|  |TAMS 0x00000000cd300000, 0x00000000cd300000| Untracked 
|  70|0x00000000cd400000, 0x00000000cd400000, 0x00000000cd500000|  0%| F|  |TAMS 0x00000000cd400000, 0x00000000cd400000| Untracked 
|  71|0x00000000cd500000, 0x00000000cd500000, 0x00000000cd600000|  0%| F|  |TAMS 0x00000000cd500000, 0x00000000cd500000| Untracked 
|  72|0x00000000cd600000, 0x00000000cd600000, 0x00000000cd700000|  0%| F|  |TAMS 0x00000000cd600000, 0x00000000cd600000| Untracked 
|  73|0x00000000cd700000, 0x00000000cd700000, 0x00000000cd800000|  0%| F|  |TAMS 0x00000000cd700000, 0x00000000cd700000| Untracked 
|  74|0x00000000cd800000, 0x00000000cd800000, 0x00000000cd900000|  0%| F|  |TAMS 0x00000000cd800000, 0x00000000cd800000| Untracked 
|  75|0x00000000cd900000, 0x00000000cd900000, 0x00000000cda00000|  0%| F|  |TAMS 0x00000000cd900000, 0x00000000cd900000| Untracked 
|  76|0x00000000cda00000, 0x00000000cda00000, 0x00000000cdb00000|  0%| F|  |TAMS 0x00000000cda00000, 0x00000000cda00000| Untracked 
|  77|0x00000000cdb00000, 0x00000000cdb00000, 0x00000000cdc00000|  0%| F|  |TAMS 0x00000000cdb00000, 0x00000000cdb00000| Untracked 
|  78|0x00000000cdc00000, 0x00000000cdc00000, 0x00000000cdd00000|  0%| F|  |TAMS 0x00000000cdc00000, 0x00000000cdc00000| Untracked 
|  79|0x00000000cdd00000, 0x00000000cdd00000, 0x00000000cde00000|  0%| F|  |TAMS 0x00000000cdd00000, 0x00000000cdd00000| Untracked 
|  80|0x00000000cde00000, 0x00000000cde00000, 0x00000000cdf00000|  0%| F|  |TAMS 0x00000000cde00000, 0x00000000cde00000| Untracked 
|  81|0x00000000cdf00000, 0x00000000cdf00000, 0x00000000ce000000|  0%| F|  |TAMS 0x00000000cdf00000, 0x00000000cdf00000| Untracked 
|  82|0x00000000ce000000, 0x00000000ce000000, 0x00000000ce100000|  0%| F|  |TAMS 0x00000000ce000000, 0x00000000ce000000| Untracked 
|  83|0x00000000ce100000, 0x00000000ce100000, 0x00000000ce200000|  0%| F|  |TAMS 0x00000000ce100000, 0x00000000ce100000| Untracked 
|  84|0x00000000ce200000, 0x00000000ce200000, 0x00000000ce300000|  0%| F|  |TAMS 0x00000000ce200000, 0x00000000ce200000| Untracked 
|  85|0x00000000ce300000, 0x00000000ce300000, 0x00000000ce400000|  0%| F|  |TAMS 0x00000000ce300000, 0x00000000ce300000| Untracked 
|  86|0x00000000ce400000, 0x00000000ce400000, 0x00000000ce500000|  0%| F|  |TAMS 0x00000000ce400000, 0x00000000ce400000| Untracked 
|  87|0x00000000ce500000, 0x00000000ce500000, 0x00000000ce600000|  0%| F|  |TAMS 0x00000000ce500000, 0x00000000ce500000| Untracked 
|  88|0x00000000ce600000, 0x00000000ce600000, 0x00000000ce700000|  0%| F|  |TAMS 0x00000000ce600000, 0x00000000ce600000| Untracked 
|  89|0x00000000ce700000, 0x00000000ce700000, 0x00000000ce800000|  0%| F|  |TAMS 0x00000000ce700000, 0x00000000ce700000| Untracked 
|  90|0x00000000ce800000, 0x00000000ce800000, 0x00000000ce900000|  0%| F|  |TAMS 0x00000000ce800000, 0x00000000ce800000| Untracked 
|  91|0x00000000ce900000, 0x00000000ce980000, 0x00000000cea00000| 50%| E|  |TAMS 0x00000000ce900000, 0x00000000ce900000| Complete 
|  92|0x00000000cea00000, 0x00000000ceb00000, 0x00000000ceb00000|100%| E|CS|TAMS 0x00000000cea00000, 0x00000000cea00000| Complete 
|  93|0x00000000ceb00000, 0x00000000cec00000, 0x00000000cec00000|100%| E|CS|TAMS 0x00000000ceb00000, 0x00000000ceb00000| Complete 
|  94|0x00000000cec00000, 0x00000000ced00000, 0x00000000ced00000|100%| E|CS|TAMS 0x00000000cec00000, 0x00000000cec00000| Complete 
|  95|0x00000000ced00000, 0x00000000cee00000, 0x00000000cee00000|100%| E|CS|TAMS 0x00000000ced00000, 0x00000000ced00000| Complete 
|  96|0x00000000cee00000, 0x00000000cef00000, 0x00000000cef00000|100%| E|CS|TAMS 0x00000000cee00000, 0x00000000cee00000| Complete 
|  97|0x00000000cef00000, 0x00000000cf000000, 0x00000000cf000000|100%| E|CS|TAMS 0x00000000cef00000, 0x00000000cef00000| Complete 
|  98|0x00000000cf000000, 0x00000000cf100000, 0x00000000cf100000|100%| E|CS|TAMS 0x00000000cf000000, 0x00000000cf000000| Complete 
|  99|0x00000000cf100000, 0x00000000cf200000, 0x00000000cf200000|100%| E|CS|TAMS 0x00000000cf100000, 0x00000000cf100000| Complete 
| 100|0x00000000cf200000, 0x00000000cf300000, 0x00000000cf300000|100%| E|CS|TAMS 0x00000000cf200000, 0x00000000cf200000| Complete 
| 101|0x00000000cf300000, 0x00000000cf400000, 0x00000000cf400000|100%| E|CS|TAMS 0x00000000cf300000, 0x00000000cf300000| Complete 
| 102|0x00000000cf400000, 0x00000000cf500000, 0x00000000cf500000|100%| E|CS|TAMS 0x00000000cf400000, 0x00000000cf400000| Complete 
| 103|0x00000000cf500000, 0x00000000cf600000, 0x00000000cf600000|100%| E|CS|TAMS 0x00000000cf500000, 0x00000000cf500000| Complete 
| 104|0x00000000cf600000, 0x00000000cf700000, 0x00000000cf700000|100%| E|CS|TAMS 0x00000000cf600000, 0x00000000cf600000| Complete 
| 105|0x00000000cf700000, 0x00000000cf800000, 0x00000000cf800000|100%| E|CS|TAMS 0x00000000cf700000, 0x00000000cf700000| Complete 
| 106|0x00000000cf800000, 0x00000000cf900000, 0x00000000cf900000|100%| E|CS|TAMS 0x00000000cf800000, 0x00000000cf800000| Complete 
| 107|0x00000000cf900000, 0x00000000cfa00000, 0x00000000cfa00000|100%| E|CS|TAMS 0x00000000cf900000, 0x00000000cf900000| Complete 
| 108|0x00000000cfa00000, 0x00000000cfb00000, 0x00000000cfb00000|100%| E|CS|TAMS 0x00000000cfa00000, 0x00000000cfa00000| Complete 
| 109|0x00000000cfb00000, 0x00000000cfc00000, 0x00000000cfc00000|100%| E|CS|TAMS 0x00000000cfb00000, 0x00000000cfb00000| Complete 
| 110|0x00000000cfc00000, 0x00000000cfd00000, 0x00000000cfd00000|100%| E|CS|TAMS 0x00000000cfc00000, 0x00000000cfc00000| Complete 
| 111|0x00000000cfd00000, 0x00000000cfe00000, 0x00000000cfe00000|100%| E|CS|TAMS 0x00000000cfd00000, 0x00000000cfd00000| Complete 
| 112|0x00000000cfe00000, 0x00000000cff00000, 0x00000000cff00000|100%| E|CS|TAMS 0x00000000cfe00000, 0x00000000cfe00000| Complete 
| 113|0x00000000cff00000, 0x00000000d0000000, 0x00000000d0000000|100%| E|CS|TAMS 0x00000000cff00000, 0x00000000cff00000| Complete 
| 114|0x00000000d0000000, 0x00000000d0100000, 0x00000000d0100000|100%| E|CS|TAMS 0x00000000d0000000, 0x00000000d0000000| Complete 
| 115|0x00000000d0100000, 0x00000000d0200000, 0x00000000d0200000|100%| E|CS|TAMS 0x00000000d0100000, 0x00000000d0100000| Complete 
| 116|0x00000000d0200000, 0x00000000d0300000, 0x00000000d0300000|100%| E|CS|TAMS 0x00000000d0200000, 0x00000000d0200000| Complete 
| 117|0x00000000d0300000, 0x00000000d0400000, 0x00000000d0400000|100%| E|CS|TAMS 0x00000000d0300000, 0x00000000d0300000| Complete 
| 118|0x00000000d0400000, 0x00000000d0500000, 0x00000000d0500000|100%| E|CS|TAMS 0x00000000d0400000, 0x00000000d0400000| Complete 
| 119|0x00000000d0500000, 0x00000000d0600000, 0x00000000d0600000|100%| E|CS|TAMS 0x00000000d0500000, 0x00000000d0500000| Complete 
| 120|0x00000000d0600000, 0x00000000d0700000, 0x00000000d0700000|100%| E|CS|TAMS 0x00000000d0600000, 0x00000000d0600000| Complete 

Card table byte_map: [0x000002abf5960000,0x000002abf5b20000] _byte_map_base: 0x000002abf5319000

Marking Bits (Prev, Next): (CMBitMap*) 0x000002abf2b4def0, (CMBitMap*) 0x000002abf2b4deb0
 Prev Bits: [0x000002abf6ab0000, 0x000002abf7878000)
 Next Bits: [0x000002abf5ce0000, 0x000002abf6aa8000)

Polling page: 0x000002abf22c0000

Metaspace:

Usage:
  Non-class:     30.42 MB used.
      Class:      4.26 MB used.
       Both:     34.67 MB used.

Virtual space:
  Non-class space:       64.00 MB reserved,      30.62 MB ( 48%) committed,  1 nodes.
      Class space:        1.00 GB reserved,       4.44 MB ( <1%) committed,  1 nodes.
             Both:        1.06 GB reserved,      35.06 MB (  3%) committed. 

Chunk freelists:
   Non-Class:  1.17 MB
       Class:  11.49 MB
        Both:  12.66 MB

MaxMetaspaceSize: unlimited
CompressedClassSpaceSize: 1.00 GB
Initial GC threshold: 21.00 MB
Current GC threshold: 35.12 MB
CDS: off
MetaspaceReclaimPolicy: balanced
 - commit_granule_bytes: 65536.
 - commit_granule_words: 8192.
 - virtual_space_node_default_size: 8388608.
 - enlarge_chunks_in_place: 1.
 - new_chunks_are_fully_committed: 0.
 - uncommit_free_chunks: 1.
 - use_allocation_guard: 0.
 - handle_deallocations: 1.


Internal statistics:

num_allocs_failed_limit: 3.
num_arena_births: 328.
num_arena_deaths: 0.
num_vsnodes_births: 2.
num_vsnodes_deaths: 0.
num_space_committed: 561.
num_space_uncommitted: 0.
num_chunks_returned_to_freelist: 3.
num_chunks_taken_from_freelist: 868.
num_chunk_merges: 0.
num_chunk_splits: 565.
num_chunks_enlarged: 408.
num_inconsistent_stats: 0.

CodeHeap 'non-profiled nmethods': size=120000Kb used=1316Kb max_used=1316Kb free=118683Kb
 bounds [0x000002ab87ad0000, 0x000002ab87d40000, 0x000002ab8f000000]
CodeHeap 'profiled nmethods': size=120000Kb used=6640Kb max_used=6640Kb free=113359Kb
 bounds [0x000002ab80000000, 0x000002ab80680000, 0x000002ab87530000]
CodeHeap 'non-nmethods': size=5760Kb used=1435Kb max_used=1492Kb free=4324Kb
 bounds [0x000002ab87530000, 0x000002ab877a0000, 0x000002ab87ad0000]
 total_blobs=4143 nmethods=3338 adapters=717
 compilation: enabled
              stopped_count=0, restarted_count=0
 full_count=0

Compilation events (20 events):
Event: 27.530 Thread 0x000002abf9d78fa0 3329       3       java.lang.reflect.Field::setFieldAccessor (34 bytes)
Event: 27.530 Thread 0x000002abf9d78fa0 nmethod 3329 0x000002ab80678a10 code [0x000002ab80678be0, 0x000002ab80679008]
Event: 27.530 Thread 0x000002abf9d78fa0 3330       3       jdk.internal.misc.Unsafe::ensureClassInitialized (18 bytes)
Event: 27.530 Thread 0x000002abf9d78fa0 nmethod 3330 0x000002ab80679110 code [0x000002ab806792c0, 0x000002ab806794f8]
Event: 27.530 Thread 0x000002abf9d78fa0 3333       3       java.lang.reflect.Modifier::isVolatile (13 bytes)
Event: 27.530 Thread 0x000002abf9d78fa0 nmethod 3333 0x000002ab80679610 code [0x000002ab806797a0, 0x000002ab806798d8]
Event: 27.530 Thread 0x000002abf9d78fa0 3334       3       jdk.internal.reflect.ReflectionFactory::copyField (11 bytes)
Event: 27.531 Thread 0x000002abf9d78fa0 nmethod 3334 0x000002ab80679990 code [0x000002ab80679b40, 0x000002ab80679d28]
Event: 27.531 Thread 0x000002abf9d78fa0 3335       3       java.lang.reflect.ReflectAccess::copyField (5 bytes)
Event: 27.531 Thread 0x000002abf9d78fa0 nmethod 3335 0x000002ab80679e90 code [0x000002ab8067a040, 0x000002ab8067a188]
Event: 27.531 Thread 0x000002abf9d78fa0 3336       3       java.lang.reflect.Field::copy (80 bytes)
Event: 27.531 Thread 0x000002abf9d78fa0 nmethod 3336 0x000002ab8067a290 code [0x000002ab8067a460, 0x000002ab8067a858]
Event: 27.531 Thread 0x000002abf9d78fa0 3337       3       java.lang.reflect.Field::getFieldAccessor (35 bytes)
Event: 27.531 Thread 0x000002abf9d78fa0 nmethod 3337 0x000002ab8067a990 code [0x000002ab8067ab40, 0x000002ab8067ad28]
Event: 27.549 Thread 0x000002abf9d78fa0 3339       3       java.lang.String$CaseInsensitiveComparator::compare (13 bytes)
Event: 27.549 Thread 0x000002abf9d78fa0 nmethod 3339 0x000002ab8067ae10 code [0x000002ab8067afc0, 0x000002ab8067b2e8]
Event: 27.549 Thread 0x000002abf9d78fa0 3340       3       java.lang.String$CaseInsensitiveComparator::compare (68 bytes)
Event: 27.550 Thread 0x000002abf9d78fa0 nmethod 3340 0x000002ab8067b410 code [0x000002ab8067b620, 0x000002ab8067bab8]
Event: 27.578 Thread 0x000002abf9d78fa0 3341       3       sun.font.CMap::getControlCodeGlyph (60 bytes)
Event: 27.578 Thread 0x000002abf9d78fa0 nmethod 3341 0x000002ab8067bc90 code [0x000002ab8067be40, 0x000002ab8067c0f8]

GC Heap History (20 events):
Event: 4.012 GC heap before
{Heap before GC invocations=0 (full 0):
 garbage-first heap   total 57344K, used 14336K [0x00000000c8e00000, 0x0000000100000000)
  region size 1024K, 13 young (13312K), 0 survivors (0K)
 Metaspace       used 10636K, committed 10880K, reserved 1114112K
  class space    used 1079K, committed 1216K, reserved 1048576K
}
Event: 4.024 GC heap after
{Heap after GC invocations=1 (full 0):
 garbage-first heap   total 57344K, used 4333K [0x00000000c8e00000, 0x0000000100000000)
  region size 1024K, 2 young (2048K), 2 survivors (2048K)
 Metaspace       used 10636K, committed 10880K, reserved 1114112K
  class space    used 1079K, committed 1216K, reserved 1048576K
}
Event: 7.279 GC heap before
{Heap before GC invocations=1 (full 0):
 garbage-first heap   total 57344K, used 22765K [0x00000000c8e00000, 0x0000000100000000)
  region size 1024K, 16 young (16384K), 2 survivors (2048K)
 Metaspace       used 16892K, committed 17152K, reserved 1114112K
  class space    used 1950K, committed 2048K, reserved 1048576K
}
Event: 7.286 GC heap after
{Heap after GC invocations=2 (full 0):
 garbage-first heap   total 57344K, used 11687K [0x00000000c8e00000, 0x0000000100000000)
  region size 1024K, 2 young (2048K), 2 survivors (2048K)
 Metaspace       used 16892K, committed 17152K, reserved 1114112K
  class space    used 1950K, committed 2048K, reserved 1048576K
}
Event: 14.376 GC heap before
{Heap before GC invocations=2 (full 0):
 garbage-first heap   total 57344K, used 18855K [0x00000000c8e00000, 0x0000000100000000)
  region size 1024K, 10 young (10240K), 2 survivors (2048K)
 Metaspace       used 21275K, committed 21504K, reserved 1114112K
  class space    used 2567K, committed 2688K, reserved 1048576K
}
Event: 14.393 GC heap after
{Heap after GC invocations=3 (full 0):
 garbage-first heap   total 57344K, used 13255K [0x00000000c8e00000, 0x0000000100000000)
  region size 1024K, 2 young (2048K), 2 survivors (2048K)
 Metaspace       used 21275K, committed 21504K, reserved 1114112K
  class space    used 2567K, committed 2688K, reserved 1048576K
}
Event: 16.374 GC heap before
{Heap before GC invocations=4 (full 0):
 garbage-first heap   total 51200K, used 27591K [0x00000000c8e00000, 0x0000000100000000)
  region size 1024K, 7 young (7168K), 2 survivors (2048K)
 Metaspace       used 24027K, committed 24320K, reserved 1114112K
  class space    used 2862K, committed 3008K, reserved 1048576K
}
Event: 16.378 GC heap after
{Heap after GC invocations=5 (full 0):
 garbage-first heap   total 51200K, used 23276K [0x00000000c8e00000, 0x0000000100000000)
  region size 1024K, 3 young (3072K), 3 survivors (3072K)
 Metaspace       used 24027K, committed 24320K, reserved 1114112K
  class space    used 2862K, committed 3008K, reserved 1048576K
}
Event: 16.533 GC heap before
{Heap before GC invocations=5 (full 0):
 garbage-first heap   total 51200K, used 25324K [0x00000000c8e00000, 0x0000000100000000)
  region size 1024K, 4 young (4096K), 3 survivors (3072K)
 Metaspace       used 24195K, committed 24512K, reserved 1114112K
  class space    used 2887K, committed 3072K, reserved 1048576K
}
Event: 16.537 GC heap after
{Heap after GC invocations=6 (full 0):
 garbage-first heap   total 51200K, used 21370K [0x00000000c8e00000, 0x0000000100000000)
  region size 1024K, 2 young (2048K), 2 survivors (2048K)
 Metaspace       used 24195K, committed 24512K, reserved 1114112K
  class space    used 2887K, committed 3072K, reserved 1048576K
}
Event: 16.538 GC heap before
{Heap before GC invocations=6 (full 0):
 garbage-first heap   total 51200K, used 23418K [0x00000000c8e00000, 0x0000000100000000)
  region size 1024K, 3 young (3072K), 2 survivors (2048K)
 Metaspace       used 24195K, committed 24512K, reserved 1114112K
  class space    used 2887K, committed 3072K, reserved 1048576K
}
Event: 16.539 GC heap after
{Heap after GC invocations=7 (full 0):
 garbage-first heap   total 51200K, used 19172K [0x00000000c8e00000, 0x0000000100000000)
  region size 1024K, 1 young (1024K), 1 survivors (1024K)
 Metaspace       used 24195K, committed 24512K, reserved 1114112K
  class space    used 2887K, committed 3072K, reserved 1048576K
}
Event: 18.043 GC heap before
{Heap before GC invocations=7 (full 0):
 garbage-first heap   total 51200K, used 27364K [0x00000000c8e00000, 0x0000000100000000)
  region size 1024K, 7 young (7168K), 1 survivors (1024K)
 Metaspace       used 27343K, committed 27584K, reserved 1114112K
  class space    used 3254K, committed 3392K, reserved 1048576K
}
Event: 18.046 GC heap after
{Heap after GC invocations=8 (full 0):
 garbage-first heap   total 51200K, used 19737K [0x00000000c8e00000, 0x0000000100000000)
  region size 1024K, 2 young (2048K), 2 survivors (2048K)
 Metaspace       used 27343K, committed 27584K, reserved 1114112K
  class space    used 3254K, committed 3392K, reserved 1048576K
}
Event: 18.075 GC heap before
{Heap before GC invocations=8 (full 0):
 garbage-first heap   total 51200K, used 23833K [0x00000000c8e00000, 0x0000000100000000)
  region size 1024K, 3 young (3072K), 2 survivors (2048K)
 Metaspace       used 27383K, committed 27648K, reserved 1114112K
  class space    used 3260K, committed 3392K, reserved 1048576K
}
Event: 18.078 GC heap after
{Heap after GC invocations=9 (full 0):
 garbage-first heap   total 51200K, used 20797K [0x00000000c8e00000, 0x0000000100000000)
  region size 1024K, 2 young (2048K), 2 survivors (2048K)
 Metaspace       used 27383K, committed 27648K, reserved 1114112K
  class space    used 3260K, committed 3392K, reserved 1048576K
}
Event: 18.099 GC heap before
{Heap before GC invocations=9 (full 0):
 garbage-first heap   total 51200K, used 23869K [0x00000000c8e00000, 0x0000000100000000)
  region size 1024K, 3 young (3072K), 2 survivors (2048K)
 Metaspace       used 27398K, committed 27648K, reserved 1114112K
  class space    used 3262K, committed 3392K, reserved 1048576K
}
Event: 18.101 GC heap after
{Heap after GC invocations=10 (full 0):
 garbage-first heap   total 51200K, used 21868K [0x00000000c8e00000, 0x0000000100000000)
  region size 1024K, 2 young (2048K), 2 survivors (2048K)
 Metaspace       used 27398K, committed 27648K, reserved 1114112K
  class space    used 3262K, committed 3392K, reserved 1048576K
}
Event: 18.102 GC heap before
{Heap before GC invocations=10 (full 0):
 garbage-first heap   total 51200K, used 23916K [0x00000000c8e00000, 0x0000000100000000)
  region size 1024K, 3 young (3072K), 2 survivors (2048K)
 Metaspace       used 27398K, committed 27648K, reserved 1114112K
  class space    used 3262K, committed 3392K, reserved 1048576K
}
Event: 18.105 GC heap after
{Heap after GC invocations=11 (full 0):
 garbage-first heap   total 123904K, used 23937K [0x00000000c8e00000, 0x0000000100000000)
  region size 1024K, 2 young (2048K), 2 survivors (2048K)
 Metaspace       used 27398K, committed 27648K, reserved 1114112K
  class space    used 3262K, committed 3392K, reserved 1048576K
}

Dll operation events (15 events):
Event: 0.053 Loaded shared library C:\Users\aleja\.vscode\extensions\redhat.java-1.36.0-win32-x64\jre\17.0.13-win32-x86_64\bin\java.dll
Event: 0.585 Loaded shared library C:\Users\aleja\.vscode\extensions\redhat.java-1.36.0-win32-x64\jre\17.0.13-win32-x86_64\bin\net.dll
Event: 0.591 Loaded shared library C:\Users\aleja\.vscode\extensions\redhat.java-1.36.0-win32-x64\jre\17.0.13-win32-x86_64\bin\nio.dll
Event: 0.632 Loaded shared library C:\Users\aleja\.vscode\extensions\redhat.java-1.36.0-win32-x64\jre\17.0.13-win32-x86_64\bin\zip.dll
Event: 0.764 Loaded shared library C:\Users\aleja\.vscode\extensions\redhat.java-1.36.0-win32-x64\jre\17.0.13-win32-x86_64\bin\jimage.dll
Event: 0.909 Loaded shared library C:\Users\aleja\.vscode\extensions\redhat.java-1.36.0-win32-x64\jre\17.0.13-win32-x86_64\bin\awt.dll
Event: 2.621 Loaded shared library C:\Users\aleja\.vscode\extensions\redhat.java-1.36.0-win32-x64\jre\17.0.13-win32-x86_64\bin\freetype.dll
Event: 2.625 Loaded shared library C:\Users\aleja\.vscode\extensions\redhat.java-1.36.0-win32-x64\jre\17.0.13-win32-x86_64\bin\fontmanager.dll
Event: 6.036 Loaded shared library C:\Users\aleja\AppData\Local\Temp\flatlaf.temp\flatlaf-windows-x86_64-218129553209000.dll
Event: 7.206 Loaded shared library C:\Users\aleja\.vscode\extensions\redhat.java-1.36.0-win32-x64\jre\17.0.13-win32-x86_64\bin\javajpeg.dll
Event: 7.407 Loaded shared library C:\Users\aleja\.vscode\extensions\redhat.java-1.36.0-win32-x64\jre\17.0.13-win32-x86_64\bin\verify.dll
Event: 15.704 Loaded shared library C:\Users\aleja\.vscode\extensions\redhat.java-1.36.0-win32-x64\jre\17.0.13-win32-x86_64\bin\mlib_image.dll
Event: 24.568 Loaded shared library C:\Users\aleja\.vscode\extensions\redhat.java-1.36.0-win32-x64\jre\17.0.13-win32-x86_64\bin\extnet.dll
Event: 24.706 Loaded shared library C:\Users\aleja\.vscode\extensions\redhat.java-1.36.0-win32-x64\jre\17.0.13-win32-x86_64\bin\management.dll
Event: 24.826 Loaded shared library C:\Users\aleja\.vscode\extensions\redhat.java-1.36.0-win32-x64\jre\17.0.13-win32-x86_64\bin\management_ext.dll

Deoptimization events (20 events):
Event: 26.408 Thread 0x000002abf2b0d170 DEOPT PACKING pc=0x000002ab8063e2b9 sp=0x000000c5d9bfd2d0
Event: 26.408 Thread 0x000002abf2b0d170 DEOPT UNPACKING pc=0x000002ab87587143 sp=0x000000c5d9bfc758 mode 0
Event: 26.408 Thread 0x000002abf2b0d170 DEOPT PACKING pc=0x000002ab8063e2b9 sp=0x000000c5d9bfd2d0
Event: 26.408 Thread 0x000002abf2b0d170 DEOPT UNPACKING pc=0x000002ab87587143 sp=0x000000c5d9bfc758 mode 0
Event: 26.636 Thread 0x000002abf2b0d170 Uncommon trap: trap_request=0xffffff45 fr.pc=0x000002ab87bd17b0 relative=0x0000000000000110
Event: 26.636 Thread 0x000002abf2b0d170 Uncommon trap: reason=unstable_if action=reinterpret pc=0x000002ab87bd17b0 method=java.util.Arrays.hashCode([Ljava/lang/Object;)I @ 34 c2
Event: 26.636 Thread 0x000002abf2b0d170 DEOPT PACKING pc=0x000002ab87bd17b0 sp=0x000000c5d9bfdba0
Event: 26.636 Thread 0x000002abf2b0d170 DEOPT UNPACKING pc=0x000002ab875869a3 sp=0x000000c5d9bfdb20 mode 2
Event: 27.486 Thread 0x000002abf2b0d170 Uncommon trap: trap_request=0xffffff45 fr.pc=0x000002ab87c15330 relative=0x0000000000000210
Event: 27.486 Thread 0x000002abf2b0d170 Uncommon trap: reason=unstable_if action=reinterpret pc=0x000002ab87c15330 method=jdk.internal.org.objectweb.asm.Frame.push(I)V @ 26 c2
Event: 27.486 Thread 0x000002abf2b0d170 DEOPT PACKING pc=0x000002ab87c15330 sp=0x000000c5d9bfc630
Event: 27.486 Thread 0x000002abf2b0d170 DEOPT UNPACKING pc=0x000002ab875869a3 sp=0x000000c5d9bfc5d8 mode 2
Event: 27.563 Thread 0x000002abf2b0d170 Uncommon trap: trap_request=0xffffffde fr.pc=0x000002ab87bc5444 relative=0x0000000000000ec4
Event: 27.563 Thread 0x000002abf2b0d170 Uncommon trap: reason=class_check action=maybe_recompile pc=0x000002ab87bc5444 method=java.util.concurrent.ConcurrentHashMap.putVal(Ljava/lang/Object;Ljava/lang/Object;Z)Ljava/lang/Object; @ 242 c2
Event: 27.563 Thread 0x000002abf2b0d170 DEOPT PACKING pc=0x000002ab87bc5444 sp=0x000000c5d9bfe810
Event: 27.563 Thread 0x000002abf2b0d170 DEOPT UNPACKING pc=0x000002ab875869a3 sp=0x000000c5d9bfe780 mode 2
Event: 27.563 Thread 0x000002abf2b0d170 Uncommon trap: trap_request=0xffffffde fr.pc=0x000002ab87bc5444 relative=0x0000000000000ec4
Event: 27.563 Thread 0x000002abf2b0d170 Uncommon trap: reason=class_check action=maybe_recompile pc=0x000002ab87bc5444 method=java.util.concurrent.ConcurrentHashMap.putVal(Ljava/lang/Object;Ljava/lang/Object;Z)Ljava/lang/Object; @ 242 c2
Event: 27.563 Thread 0x000002abf2b0d170 DEOPT PACKING pc=0x000002ab87bc5444 sp=0x000000c5d9bfe810
Event: 27.563 Thread 0x000002abf2b0d170 DEOPT UNPACKING pc=0x000002ab875869a3 sp=0x000000c5d9bfe780 mode 2

Classes loaded (20 events):
Event: 26.789 Loading class java/util/concurrent/atomic/AtomicIntegerFieldUpdater
Event: 26.790 Loading class java/util/concurrent/atomic/AtomicIntegerFieldUpdater done
Event: 26.790 Loading class java/util/concurrent/atomic/AtomicIntegerFieldUpdater$AtomicIntegerFieldUpdaterImpl
Event: 26.790 Loading class java/util/concurrent/atomic/AtomicIntegerFieldUpdater$AtomicIntegerFieldUpdaterImpl done
Event: 26.790 Loading class java/util/concurrent/atomic/AtomicIntegerFieldUpdater$AtomicIntegerFieldUpdaterImpl$1
Event: 26.791 Loading class java/util/concurrent/atomic/AtomicIntegerFieldUpdater$AtomicIntegerFieldUpdaterImpl$1 done
Event: 26.854 Loading class java/io/CharArrayReader
Event: 26.854 Loading class java/io/CharArrayReader done
Event: 27.002 Loading class java/util/regex/Pattern$BnM
Event: 27.003 Loading class java/util/regex/Pattern$BnM done
Event: 27.240 Loading class java/util/regex/Pattern$1MatcherIterator
Event: 27.241 Loading class java/util/regex/Pattern$1MatcherIterator done
Event: 27.378 Loading class java/lang/AbstractMethodError
Event: 27.379 Loading class java/lang/AbstractMethodError done
Event: 27.476 Loading class java/lang/invoke/BoundMethodHandle$Species_LLLLLLLLLLLL
Event: 27.476 Loading class java/lang/invoke/BoundMethodHandle$Species_LLLLLLLLLLLL done
Event: 27.480 Loading class java/lang/invoke/BoundMethodHandle$Species_LLLLLLLLLLLLL
Event: 27.481 Loading class java/lang/invoke/BoundMethodHandle$Species_LLLLLLLLLLLLL done
Event: 27.546 Loading class java/util/Comparators$NaturalOrderComparator
Event: 27.547 Loading class java/util/Comparators$NaturalOrderComparator done

Classes unloaded (0 events):
No events

Classes redefined (0 events):
No events

Internal exceptions (20 events):
Event: 11.415 Thread 0x000002abf2b0d170 Exception <a 'java/lang/NoSuchMethodError'{0x00000000cbf33960}: 'void java.lang.invoke.DirectMethodHandle$Holder.invokeStaticInit(java.lang.Object)'> (0x00000000cbf33960) 
thrown [s\src\hotspot\share\interpreter\linkResolver.cpp, line 759]
Event: 14.345 Thread 0x000002abf2b0d170 Implicit null exception at 0x000002ab87b75eb9 to 0x000002ab87b76108
Event: 15.549 Thread 0x000002abf2b0d170 Exception <a 'java/lang/NoSuchMethodError'{0x00000000cbb945e0}: 'java.lang.Object java.lang.invoke.DirectMethodHandle$Holder.invokeStatic(java.lang.Object, java.lang.Object, int)'> (0x00000000cbb945e0) 
thrown [s\src\hotspot\share\interpreter\linkResolver.cpp, line 759]
Event: 15.551 Thread 0x000002abf2b0d170 Exception <a 'java/lang/NoSuchMethodError'{0x00000000cba05480}: 'void java.lang.invoke.DelegatingMethodHandle$Holder.delegate(java.lang.Object, java.lang.Object, int, java.lang.Object)'> (0x00000000cba05480) 
thrown [s\src\hotspot\share\interpreter\linkResolver.cpp, line 759]
Event: 16.640 Thread 0x000002abf2b0d170 Exception <a 'java/lang/ClassNotFoundException'{0x00000000cc5c8378}: com/sun/org/apache/xerces/internal/impl/xpath/regex/spi/messageProvider> (0x00000000cc5c8378) 
thrown [s\src\hotspot\share\classfile\systemDictionary.cpp, line 256]
Event: 17.124 Thread 0x000002abfe8a80d0 Implicit null exception at 0x000002ab87b0c57c to 0x000002ab87b0f670
Event: 21.734 Thread 0x000002abf2b0d170 Exception <a 'java/lang/NoSuchMethodError'{0x00000000cfef9c18}: 'java.lang.Object java.lang.invoke.Invokers$Holder.invokeExact_MT(java.lang.Object, java.lang.Object, java.lang.Object, java.lang.Object, java.lang.Object, java.lang.Object)'> (0x00000000cfef9c18) 
thrown [s\src\hotspot\share\interpreter\linkResolver.cpp, line 759]
Event: 21.768 Thread 0x000002abf2b0d170 Exception <a 'java/lang/NoSuchMethodError'{0x00000000cfd47ed8}: 'java.lang.Object java.lang.invoke.DirectMethodHandle$Holder.invokeInterface(java.lang.Object, java.lang.Object, java.lang.Object)'> (0x00000000cfd47ed8) 
thrown [s\src\hotspot\share\interpreter\linkResolver.cpp, line 759]
Event: 24.366 Thread 0x000002abf2b0d170 Exception <a 'java/lang/NoSuchMethodError'{0x00000000cf46e6f0}: 'void java.lang.invoke.DirectMethodHandle$Holder.invokeStatic(java.lang.Object, java.lang.Object, java.lang.Object, java.lang.Object)'> (0x00000000cf46e6f0) 
thrown [s\src\hotspot\share\interpreter\linkResolver.cpp, line 759]
Event: 24.444 Thread 0x000002abf2b0d170 Exception <a 'java/lang/NoSuchMethodError'{0x00000000cf4e0f28}: 'int java.lang.invoke.DirectMethodHandle$Holder.invokeStaticInit(java.lang.Object, java.lang.Object, java.lang.Object, java.lang.Object)'> (0x00000000cf4e0f28) 
thrown [s\src\hotspot\share\interpreter\linkResolver.cpp, line 759]
Event: 24.446 Thread 0x000002abf2b0d170 Exception <a 'java/lang/IncompatibleClassChangeError'{0x00000000cf4ea0f8}: Found class java.lang.Object, but interface was expected> (0x00000000cf4ea0f8) 
thrown [s\src\hotspot\share\interpreter\linkResolver.cpp, line 826]
Event: 24.449 Thread 0x000002abf2b0d170 Exception <a 'java/lang/NoSuchMethodError'{0x00000000cf4ed060}: 'void java.lang.invoke.DirectMethodHandle$Holder.invokeStaticInit(java.lang.Object, java.lang.Object)'> (0x00000000cf4ed060) 
thrown [s\src\hotspot\share\interpreter\linkResolver.cpp, line 759]
Event: 24.453 Thread 0x000002abf2b0d170 Exception <a 'java/lang/NoSuchMethodError'{0x00000000cf4f2e68}: 'int java.lang.invoke.DirectMethodHandle$Holder.invokeStaticInit(java.lang.Object, java.lang.Object)'> (0x00000000cf4f2e68) 
thrown [s\src\hotspot\share\interpreter\linkResolver.cpp, line 759]
Event: 26.203 Thread 0x000002abf2b0d170 Exception <a 'sun/nio/fs/WindowsException'{0x00000000cf03ef10}> (0x00000000cf03ef10) 
thrown [s\src\hotspot\share\prims\jni.cpp, line 516]
Event: 26.636 Thread 0x000002abf2b0d170 Implicit null exception at 0x000002ab87bd16d5 to 0x000002ab87bd1794
Event: 26.671 Thread 0x000002abf2b0d170 Exception <a 'java/lang/NoSuchMethodError'{0x00000000cee31728}: 'java.lang.Object java.lang.invoke.DirectMethodHandle$Holder.invokeStaticInit(java.lang.Object, java.lang.Object, java.lang.Object)'> (0x00000000cee31728) 
thrown [s\src\hotspot\share\interpreter\linkResolver.cpp, line 759]
Event: 27.485 Thread 0x000002abf2b0d170 Exception <a 'java/lang/NoSuchMethodError'{0x00000000cea5b600}: 'java.lang.Object java.lang.invoke.DirectMethodHandle$Holder.invokeSpecial(java.lang.Object, java.lang.Object, long, java.lang.Object, java.lang.Object, java.lang.Object, java.lang.Object, java.lang.Object, java.lang.Object, java.lang.Object)'> (0x00000000cea5b600) 
thrown [s\src\hotspot\share\interpreter\linkResolver.cpp, line 759]
Event: 27.487 Thread 0x000002abf2b0d170 Exception <a 'java/lang/NoSuchMethodError'{0x00000000cea60110}: 'java.lang.Object java.lang.invoke.DelegatingMethodHandle$Holder.reinvoke_L(java.lang.Object, long, java.lang.Object, java.lang.Object, java.lang.Object, java.lang.Object, java.lang.Object, java.lang.Object, java.lang.Object)'> (0x00000000cea60110) 
thrown [s\src\hotspot\share\interpreter\linkResolver.cpp, line 759]
Event: 27.492 Thread 0x000002abf2b0d170 Exception <a 'java/lang/NoSuchMethodError'{0x00000000cea77e30}: 'java.lang.Object java.lang.invoke.DirectMethodHandle$Holder.invokeSpecial(java.lang.Object, java.lang.Object, java.lang.Object, java.lang.Object, java.lang.Object, java.lang.Object, java.lang.Object, java.lang.Object, java.lang.Object)'> (0x00000000cea77e30) 
thrown [s\src\hotspot\share\interpreter\linkResolver.cpp, line 759]
Event: 27.492 Thread 0x000002abf2b0d170 Exception <a 'java/lang/NoSuchMethodError'{0x00000000cea7cab8}: 'java.lang.Object java.lang.invoke.Invokers$Holder.linkToTargetMethod(java.lang.Object, java.lang.Object, java.lang.Object, java.lang.Object, java.lang.Object, java.lang.Object, java.lang.Object, java.lang.Object)'> (0x00000000cea7cab8) 
thrown [s\src\hotspot\share\interpreter\linkResolver.cpp, line 759]

VM Operations (20 events):
Event: 21.908 Executing VM operation: HandshakeAllThreads
Event: 21.908 Executing VM operation: HandshakeAllThreads done
Event: 21.930 Executing VM operation: HandshakeAllThreads
Event: 21.930 Executing VM operation: HandshakeAllThreads done
Event: 22.943 Executing VM operation: Cleanup
Event: 22.943 Executing VM operation: Cleanup done
Event: 23.958 Executing VM operation: Cleanup
Event: 23.958 Executing VM operation: Cleanup done
Event: 24.513 Executing VM operation: HandshakeAllThreads
Event: 24.513 Executing VM operation: HandshakeAllThreads done
Event: 25.516 Executing VM operation: Cleanup
Event: 25.516 Executing VM operation: Cleanup done
Event: 26.140 Executing VM operation: HandshakeAllThreads
Event: 26.140 Executing VM operation: HandshakeAllThreads done
Event: 26.275 Executing VM operation: HandshakeAllThreads
Event: 26.275 Executing VM operation: HandshakeAllThreads done
Event: 26.297 Executing VM operation: HandshakeAllThreads
Event: 26.298 Executing VM operation: HandshakeAllThreads done
Event: 27.308 Executing VM operation: Cleanup
Event: 27.309 Executing VM operation: Cleanup done

Memory protections (0 events):
No events

Nmethod flushes (0 events):
No events

Events (20 events):
Event: 0.506 Thread 0x000002abf2b0d170 Thread added: 0x000002abfe120560
Event: 0.522 Thread 0x000002abf2b0d170 Thread added: 0x000002abfe135ee0
Event: 2.636 Thread 0x000002abf2b0d170 Thread added: 0x000002abfe557540
Event: 3.802 Thread 0x000002abf2b0d170 Thread added: 0x000002abfe736030
Event: 3.824 Thread 0x000002abf2b0d170 Thread added: 0x000002abfe736510
Event: 4.920 Thread 0x000002abfe736030 Thread exited: 0x000002abfe736030
Event: 5.253 Thread 0x000002abfe736510 Thread added: 0x000002abfe85a1d0
Event: 6.594 Thread 0x000002abfe85a1d0 Thread exited: 0x000002abfe85a1d0
Event: 6.801 Thread 0x000002abf2b0d170 Thread added: 0x000002abfe930880
Event: 6.801 Thread 0x000002abf2b0d170 Thread added: 0x000002abfe930d60
Event: 6.924 Thread 0x000002abf2b0d170 Thread added: 0x000002abfe730020
Event: 7.867 Thread 0x000002abfe930880 Thread exited: 0x000002abfe930880
Event: 7.867 Thread 0x000002abfe930d60 Thread exited: 0x000002abfe930d60
Event: 8.227 Thread 0x000002abf2b0d170 Thread added: 0x000002abfe8a7bc0
Event: 8.283 Thread 0x000002abf2b0d170 Thread added: 0x000002abfe8a80d0
Event: 12.303 Thread 0x000002abfe730020 Thread exited: 0x000002abfe730020
Event: 16.624 Thread 0x000002abfe8a80d0 Thread added: 0x000002abfe8a8af0
Event: 18.023 Thread 0x000002abfe8a80d0 Thread added: 0x000002ab8f2e5f90
Event: 26.674 Thread 0x000002abf2b0d170 Thread added: 0x000002ab8f2e64a0
Event: 26.756 Thread 0x000002abf2b0d170 Thread added: 0x000002ab8f2e78e0


Dynamic libraries:
0x00007ff73a250000 - 0x00007ff73a25e000 	C:\Users\aleja\.vscode\extensions\redhat.java-1.36.0-win32-x64\jre\17.0.13-win32-x86_64\bin\java.exe
0x00007ff8c3910000 - 0x00007ff8c3b27000 	C:\WINDOWS\SYSTEM32\ntdll.dll
0x00007ff8c1d80000 - 0x00007ff8c1e44000 	C:\WINDOWS\System32\KERNEL32.DLL
0x00007ff8c0ec0000 - 0x00007ff8c1279000 	C:\WINDOWS\System32\KERNELBASE.dll
0x00007ff8c1330000 - 0x00007ff8c1441000 	C:\WINDOWS\System32\ucrtbase.dll
0x00007ff87cb50000 - 0x00007ff87cb6e000 	C:\Users\aleja\.vscode\extensions\redhat.java-1.36.0-win32-x64\jre\17.0.13-win32-x86_64\bin\VCRUNTIME140.dll
0x00007ff87cb70000 - 0x00007ff87cb87000 	C:\Users\aleja\.vscode\extensions\redhat.java-1.36.0-win32-x64\jre\17.0.13-win32-x86_64\bin\jli.dll
0x00007ff8c1ae0000 - 0x00007ff8c1c8e000 	C:\WINDOWS\System32\USER32.dll
0x00007ff8abe50000 - 0x00007ff8ac0e2000 	C:\WINDOWS\WinSxS\amd64_microsoft.windows.common-controls_6595b64144ccf1df_6.0.22621.4391_none_2715d37f73803e96\COMCTL32.dll
0x00007ff8c0c10000 - 0x00007ff8c0c36000 	C:\WINDOWS\System32\win32u.dll
0x00007ff8c1810000 - 0x00007ff8c1839000 	C:\WINDOWS\System32\GDI32.dll
0x00007ff8c1630000 - 0x00007ff8c16d7000 	C:\WINDOWS\System32\msvcrt.dll
0x00007ff8c1450000 - 0x00007ff8c156b000 	C:\WINDOWS\System32\gdi32full.dll
0x00007ff8c0e20000 - 0x00007ff8c0eba000 	C:\WINDOWS\System32\msvcp_win.dll
0x00007ff8c2950000 - 0x00007ff8c2981000 	C:\WINDOWS\System32\IMM32.DLL
0x00007ff889c50000 - 0x00007ff889c5c000 	C:\Users\aleja\.vscode\extensions\redhat.java-1.36.0-win32-x64\jre\17.0.13-win32-x86_64\bin\vcruntime140_1.dll
0x00007ff877d20000 - 0x00007ff877dad000 	C:\Users\aleja\.vscode\extensions\redhat.java-1.36.0-win32-x64\jre\17.0.13-win32-x86_64\bin\msvcp140.dll
0x00007ff841d10000 - 0x00007ff84297b000 	C:\Users\aleja\.vscode\extensions\redhat.java-1.36.0-win32-x64\jre\17.0.13-win32-x86_64\bin\server\jvm.dll
0x00007ff8c1cc0000 - 0x00007ff8c1d72000 	C:\WINDOWS\System32\ADVAPI32.dll
0x00007ff8c2f40000 - 0x00007ff8c2fe7000 	C:\WINDOWS\System32\sechost.dll
0x00007ff8c1300000 - 0x00007ff8c1328000 	C:\WINDOWS\System32\bcrypt.dll
0x00007ff8c27d0000 - 0x00007ff8c28e4000 	C:\WINDOWS\System32\RPCRT4.dll
0x00007ff8c2a30000 - 0x00007ff8c2aa1000 	C:\WINDOWS\System32\WS2_32.dll
0x00007ff8c0ae0000 - 0x00007ff8c0b2d000 	C:\WINDOWS\SYSTEM32\POWRPROF.dll
0x00007ff8bd1c0000 - 0x00007ff8bd1f4000 	C:\WINDOWS\SYSTEM32\WINMM.dll
0x00007ff8b90b0000 - 0x00007ff8b90ba000 	C:\WINDOWS\SYSTEM32\VERSION.dll
0x00007ff8c0ac0000 - 0x00007ff8c0ad3000 	C:\WINDOWS\SYSTEM32\UMPDC.dll
0x00007ff8bfc20000 - 0x00007ff8bfc38000 	C:\WINDOWS\SYSTEM32\kernel.appcore.dll
0x00007ff889660000 - 0x00007ff88966a000 	C:\Users\aleja\.vscode\extensions\redhat.java-1.36.0-win32-x64\jre\17.0.13-win32-x86_64\bin\jimage.dll
0x00007ff8ba200000 - 0x00007ff8ba432000 	C:\WINDOWS\SYSTEM32\DBGHELP.DLL
0x00007ff8c2ff0000 - 0x00007ff8c337f000 	C:\WINDOWS\System32\combase.dll
0x00007ff8c1a00000 - 0x00007ff8c1ad7000 	C:\WINDOWS\System32\OLEAUT32.dll
0x00007ff8a29b0000 - 0x00007ff8a29e2000 	C:\WINDOWS\SYSTEM32\dbgcore.DLL
0x00007ff8c1280000 - 0x00007ff8c12fb000 	C:\WINDOWS\System32\bcryptPrimitives.dll
0x00007ff877e00000 - 0x00007ff877e25000 	C:\Users\aleja\.vscode\extensions\redhat.java-1.36.0-win32-x64\jre\17.0.13-win32-x86_64\bin\java.dll
0x00007ff87cb20000 - 0x00007ff87cb38000 	C:\Users\aleja\.vscode\extensions\redhat.java-1.36.0-win32-x64\jre\17.0.13-win32-x86_64\bin\zip.dll
0x00007ff8c1f50000 - 0x00007ff8c27c6000 	C:\WINDOWS\System32\SHELL32.dll
0x00007ff8beb00000 - 0x00007ff8bf403000 	C:\WINDOWS\SYSTEM32\windows.storage.dll
0x00007ff8be9c0000 - 0x00007ff8beaff000 	C:\WINDOWS\SYSTEM32\wintypes.dll
0x00007ff8c1e50000 - 0x00007ff8c1f49000 	C:\WINDOWS\System32\SHCORE.dll
0x00007ff8c1740000 - 0x00007ff8c179e000 	C:\WINDOWS\System32\shlwapi.dll
0x00007ff8c0b40000 - 0x00007ff8c0b6b000 	C:\WINDOWS\SYSTEM32\profapi.dll
0x00007ff877de0000 - 0x00007ff877df9000 	C:\Users\aleja\.vscode\extensions\redhat.java-1.36.0-win32-x64\jre\17.0.13-win32-x86_64\bin\net.dll
0x00007ff8b9b60000 - 0x00007ff8b9c96000 	C:\WINDOWS\SYSTEM32\WINHTTP.dll
0x00007ff8c00b0000 - 0x00007ff8c0119000 	C:\WINDOWS\system32\mswsock.dll
0x00007ff877dc0000 - 0x00007ff877dd6000 	C:\Users\aleja\.vscode\extensions\redhat.java-1.36.0-win32-x64\jre\17.0.13-win32-x86_64\bin\nio.dll
0x00007ff818bb0000 - 0x00007ff818d40000 	C:\Users\aleja\.vscode\extensions\redhat.java-1.36.0-win32-x64\jre\17.0.13-win32-x86_64\bin\awt.dll
0x00007ff8bd2a0000 - 0x00007ff8bd337000 	C:\WINDOWS\SYSTEM32\apphelp.dll
0x00007ff8c0320000 - 0x00007ff8c033b000 	C:\WINDOWS\SYSTEM32\CRYPTSP.dll
0x00007ff8bfb80000 - 0x00007ff8bfbb5000 	C:\WINDOWS\system32\rsaenh.dll
0x00007ff8c01c0000 - 0x00007ff8c01e8000 	C:\WINDOWS\SYSTEM32\USERENV.dll
0x00007ff8c0340000 - 0x00007ff8c034c000 	C:\WINDOWS\SYSTEM32\CRYPTBASE.dll
0x00007ff8bf670000 - 0x00007ff8bf69d000 	C:\WINDOWS\SYSTEM32\IPHLPAPI.DLL
0x00007ff8c1c90000 - 0x00007ff8c1c99000 	C:\WINDOWS\System32\NSI.dll
0x00007ff8b9b20000 - 0x00007ff8b9b39000 	C:\WINDOWS\SYSTEM32\dhcpcsvc6.DLL
0x00007ff8b9ad0000 - 0x00007ff8b9aef000 	C:\WINDOWS\SYSTEM32\dhcpcsvc.DLL
0x00007ff8bf6e0000 - 0x00007ff8bf7e2000 	C:\WINDOWS\SYSTEM32\DNSAPI.dll
0x00007ff89b620000 - 0x00007ff89b6a7000 	C:\Users\aleja\.vscode\extensions\redhat.java-1.36.0-win32-x64\jre\17.0.13-win32-x86_64\bin\freetype.dll
0x00007ff8608c0000 - 0x00007ff86099b000 	C:\Users\aleja\.vscode\extensions\redhat.java-1.36.0-win32-x64\jre\17.0.13-win32-x86_64\bin\fontmanager.dll
0x00007ff8be530000 - 0x00007ff8be55b000 	C:\WINDOWS\system32\DWMAPI.DLL
0x00007ff8be0e0000 - 0x00007ff8be191000 	C:\WINDOWS\system32\uxtheme.dll
0x00007ff8c2ab0000 - 0x00007ff8c2c10000 	C:\WINDOWS\System32\MSCTF.dll
0x00007ff8c2d90000 - 0x00007ff8c2f35000 	C:\WINDOWS\System32\ole32.dll
0x00007ff88ed20000 - 0x00007ff88ee20000 	C:\WINDOWS\system32\opengl32.dll
0x00007ff88eb40000 - 0x00007ff88eb6d000 	C:\WINDOWS\SYSTEM32\GLU32.dll
0x00007ff8be1f0000 - 0x00007ff8be227000 	C:\WINDOWS\SYSTEM32\dxcore.dll
0x00007ff88eb70000 - 0x00007ff88ed18000 	C:\WINDOWS\system32\d3d9.dll
0x00007ff8b2470000 - 0x00007ff8b2628000 	C:\WINDOWS\System32\DriverStore\FileRepository\u0376648.inf_amd64_10263edfe9a1aa63\B374868\aticfx64.dll
0x00007ff89b490000 - 0x00007ff89b4c4000 	C:\WINDOWS\System32\DriverStore\FileRepository\u0376648.inf_amd64_10263edfe9a1aa63\B374868\atiu9p64.dll
0x00007ff817e50000 - 0x00007ff818ba4000 	C:\WINDOWS\System32\DriverStore\FileRepository\u0376648.inf_amd64_10263edfe9a1aa63\B374868\atiumd64.dll
0x000000006fe30000 - 0x0000000070ca3000 	C:\WINDOWS\System32\DriverStore\FileRepository\u0376648.inf_amd64_10263edfe9a1aa63\B374868\atiumd6a.dll
0x00007ff8c3450000 - 0x00007ff8c38c4000 	C:\WINDOWS\System32\SETUPAPI.dll
0x00007ff8af320000 - 0x00007ff8af350000 	C:\WINDOWS\SYSTEM32\amdihk64.dll
0x00007ff8b9810000 - 0x00007ff8b9859000 	C:\WINDOWS\SYSTEM32\directxdatabasehelper.dll
0x00007ff8b94f0000 - 0x00007ff8b94f6000 	C:\Users\aleja\AppData\Local\Temp\flatlaf.temp\flatlaf-windows-x86_64-218129553209000.dll
0x00007ff8a5970000 - 0x00007ff8a599e000 	C:\Users\aleja\.vscode\extensions\redhat.java-1.36.0-win32-x64\jre\17.0.13-win32-x86_64\bin\javajpeg.dll
0x00007ff87cae0000 - 0x00007ff87caf0000 	C:\Users\aleja\.vscode\extensions\redhat.java-1.36.0-win32-x64\jre\17.0.13-win32-x86_64\bin\verify.dll
0x00007ff8c33a0000 - 0x00007ff8c3450000 	C:\WINDOWS\System32\clbcatq.dll
0x00007ff8bdef0000 - 0x00007ff8be0a0000 	C:\WINDOWS\SYSTEM32\WindowsCodecs.dll
0x00007ff892240000 - 0x00007ff89229e000 	C:\WINDOWS\system32\dataexchange.dll
0x00007ff8b9520000 - 0x00007ff8b97c4000 	C:\WINDOWS\system32\twinapi.appcore.dll
0x00007ff8a71a0000 - 0x00007ff8a71a7000 	C:\Users\aleja\.vscode\extensions\redhat.java-1.36.0-win32-x64\jre\17.0.13-win32-x86_64\bin\jawt.dll
0x00007ff8ad060000 - 0x00007ff8ad1a5000 	C:\WINDOWS\SYSTEM32\textinputframework.dll
0x00007ff8a59d0000 - 0x00007ff8a5a52000 	C:\Users\aleja\.vscode\extensions\redhat.java-1.36.0-win32-x64\jre\17.0.13-win32-x86_64\bin\mlib_image.dll
0x00007ff8a9c80000 - 0x00007ff8a9c8a000 	C:\Windows\System32\rasadhlp.dll
0x00007ff8ac770000 - 0x00007ff8ac7f3000 	C:\WINDOWS\System32\fwpuclnt.dll
0x00007ff896ab0000 - 0x00007ff896ab9000 	C:\Users\aleja\.vscode\extensions\redhat.java-1.36.0-win32-x64\jre\17.0.13-win32-x86_64\bin\extnet.dll
0x00007ff8a7150000 - 0x00007ff8a715a000 	C:\Users\aleja\.vscode\extensions\redhat.java-1.36.0-win32-x64\jre\17.0.13-win32-x86_64\bin\management.dll
0x00007ff8a7140000 - 0x00007ff8a714b000 	C:\Users\aleja\.vscode\extensions\redhat.java-1.36.0-win32-x64\jre\17.0.13-win32-x86_64\bin\management_ext.dll
0x00007ff8c17b0000 - 0x00007ff8c17b8000 	C:\WINDOWS\System32\PSAPI.DLL

dbghelp: loaded successfully - version: 4.0.5 - missing functions: none
symbol engine: initialized successfully - sym options: 0x614 - pdb path: .;C:\Users\aleja\.vscode\extensions\redhat.java-1.36.0-win32-x64\jre\17.0.13-win32-x86_64\bin;C:\WINDOWS\SYSTEM32;C:\WINDOWS\WinSxS\amd64_microsoft.windows.common-controls_6595b64144ccf1df_6.0.22621.4391_none_2715d37f73803e96;C:\Users\aleja\.vscode\extensions\redhat.java-1.36.0-win32-x64\jre\17.0.13-win32-x86_64\bin\server;C:\WINDOWS\System32\DriverStore\FileRepository\u0376648.inf_amd64_10263edfe9a1aa63\B374868;C:\Users\aleja\AppData\Local\Temp\flatlaf.temp

VM Arguments:
jvm_args: -XX:+ShowCodeDetailsInExceptionMessages 
java_command: co.edu.unbosque.controller.AplMain
java_class_path (initial): C:\Users\aleja\Documents\GitHub\rosita\target\classes;C:\Users\aleja\.m2\repository\com\toedter\jcalendar\1.4\jcalendar-1.4.jar;C:\Users\aleja\.m2\repository\org\hibernate\orm\hibernate-core\6.6.0.Final\hibernate-core-6.6.0.Final.jar;C:\Users\aleja\.m2\repository\jakarta\transaction\jakarta.transaction-api\2.0.1\jakarta.transaction-api-2.0.1.jar;C:\Users\aleja\.m2\repository\org\jboss\logging\jboss-logging\3.5.0.Final\jboss-logging-3.5.0.Final.jar;C:\Users\aleja\.m2\repository\org\hibernate\common\hibernate-commons-annotations\7.0.1.Final\hibernate-commons-annotations-7.0.1.Final.jar;C:\Users\aleja\.m2\repository\io\smallrye\jandex\3.2.0\jandex-3.2.0.jar;C:\Users\aleja\.m2\repository\com\fasterxml\classmate\1.5.1\classmate-1.5.1.jar;C:\Users\aleja\.m2\repository\net\bytebuddy\byte-buddy\1.14.18\byte-buddy-1.14.18.jar;C:\Users\aleja\.m2\repository\jakarta\xml\bind\jakarta.xml.bind-api\4.0.0\jakarta.xml.bind-api-4.0.0.jar;C:\Users\aleja\.m2\repository\jakarta\activation\jakarta.activation-api\2.1.0\jakarta.activation-api-2.1.0.jar;C:\Users\aleja\.m2\repository\org\glassfish\jaxb\jaxb-runtime\4.0.2\jaxb-runtime-4.0.2.jar;C:\Users\aleja\.m2\repository\org\glassfish\jaxb\jaxb-core\4.0.2\jaxb-core-4.0.2.jar;C:\Users\aleja\.m2\repository\org\eclipse\angus\angus-activation\2.0.0\angus-activation-2.0.0.jar;C:\Users\aleja\.m2\repository\org\glassfish\jaxb\txw2\4.0.2\txw2-4.0.2.jar;C:\Users\aleja\.m2\repository\com\sun\istack\istack-commons-runtime\4.1.1\istack-commons-runtime-4.1.1.jar;C:\Users\aleja\.m2\repository\jakarta\inject\jakarta.inject-api\2.0.1\jakarta.inject-api-2.0.1.jar;C:\Users\aleja\.m2\repository\org\antlr\antlr4-runtime\4.13.0\antlr4-runtime-4.13.0.jar;C:\Users\aleja\.m2\repository\jakarta\persistence\jakarta.persistence-api\3.2.0\jakarta.persistence-api-3.2.0.jar;C:\Users\aleja\.m2\repository\org\postgresql\postgresql\42.7.3\postgresql-42.7.3.jar;C:\Users\aleja\.m2\repository\org\checkerframework\checker-qual\3.42.0\checker-qual-
Launcher Type: SUN_STANDARD

[Global flags]
     intx CICompilerCount                          = 3                                         {product} {ergonomic}
     uint ConcGCThreads                            = 1                                         {product} {ergonomic}
     uint G1ConcRefinementThreads                  = 4                                         {product} {ergonomic}
   size_t G1HeapRegionSize                         = 1048576                                   {product} {ergonomic}
    uintx GCDrainStackTargetSize                   = 64                                        {product} {ergonomic}
   size_t InitialHeapSize                          = 58720256                                  {product} {ergonomic}
   size_t MarkStackSize                            = 4194304                                   {product} {ergonomic}
   size_t MaxHeapSize                              = 924844032                                 {product} {ergonomic}
   size_t MaxNewSize                               = 554696704                                 {product} {ergonomic}
   size_t MinHeapDeltaBytes                        = 1048576                                   {product} {ergonomic}
   size_t MinHeapSize                              = 8388608                                   {product} {ergonomic}
    uintx NonNMethodCodeHeapSize                   = 5832780                                {pd product} {ergonomic}
    uintx NonProfiledCodeHeapSize                  = 122912730                              {pd product} {ergonomic}
    uintx ProfiledCodeHeapSize                     = 122912730                              {pd product} {ergonomic}
    uintx ReservedCodeCacheSize                    = 251658240                              {pd product} {ergonomic}
     bool SegmentedCodeCache                       = true                                      {product} {ergonomic}
     bool ShowCodeDetailsInExceptionMessages       = true                                   {manageable} {command line}
   size_t SoftMaxHeapSize                          = 924844032                              {manageable} {ergonomic}
     bool UseCompressedClassPointers               = true                           {product lp64_product} {ergonomic}
     bool UseCompressedOops                        = true                           {product lp64_product} {ergonomic}
     bool UseG1GC                                  = true                                      {product} {ergonomic}
     bool UseLargePagesIndividualAllocation        = false                                  {pd product} {ergonomic}

Logging:
Log output configuration:
 #0: stdout all=warning uptime,level,tags
 #1: stderr all=off uptime,level,tags

Environment Variables:
PATH=C:\Program Files (x86)\Common Files\Oracle\Java\javapath;C:\WINDOWS\system32;C:\WINDOWS;C:\WINDOWS\System32\Wbem;C:\WINDOWS\System32\WindowsPowerShell\v1.0\;C:\WINDOWS\System32\OpenSSH\;C:\Program Files\nodejs\;C:\Program Files\Docker\Docker\resources\bin;C:\Users\aleja\AppData\Local\Microsoft\WindowsApps;C:\Users\aleja\AppData\Local\Programs\Microsoft VS Code\bin;C:\Users\aleja\AppData\Roaming\npm
USERNAME=aleja
LANG=en_US.UTF-8
OS=Windows_NT
PROCESSOR_IDENTIFIER=AMD64 Family 23 Model 24 Stepping 1, AuthenticAMD
TMP=C:\Users\aleja\AppData\Local\Temp
TEMP=C:\Users\aleja\AppData\Local\Temp



Periodic native trim disabled


---------------  S Y S T E M  ---------------

OS:
 Windows 11 , 64 bit Build 22621 (10.0.22621.4391)
OS uptime: 0 days 6:03 hours
Hyper-V role detected

CPU: total 4 (initial active 4) (4 cores per cpu, 2 threads per core) family 23 model 24 stepping 1 microcode 0x0, cx8, cmov, fxsr, ht, mmx, 3dnowpref, sse, sse2, sse3, ssse3, sse4a, sse4.1, sse4.2, popcnt, lzcnt, tsc, tscinvbit, avx, avx2, aes, clmul, bmi1, bmi2, adx, sha, fma, vzeroupper, clflush, clflushopt, hv
Processor Information for all 4 processors :
  Max Mhz: 2600, Current Mhz: 2600, Mhz Limit: 2600

Memory: 4k page, system-wide physical 3526M (32M free)
TotalPageFile size 14278M (AvailPageFile size 2M)
current process WorkingSet (physical memory assigned to process): 184M, peak: 184M
current process commit charge ("private bytes"): 320M, peak: 325M

vm_info: OpenJDK 64-Bit Server VM (17.0.13+11) for windows-amd64 JRE (17.0.13+11), built on Oct 16 2024 00:10:08 by "admin" with MS VC++ 17.7 (VS2022)

END.
