#
# There is insufficient memory for the Java Runtime Environment to continue.
# Native memory allocation (malloc) failed to allocate 1614096 bytes. Error detail: Chunk::new
# Possible reasons:
#   The system is out of physical RAM or swap space
#   This process is running with CompressedOops enabled, and the Java Heap may be blocking the growth of the native heap
# Possible solutions:
#   Reduce memory load on the system
#   Increase physical memory or swap space
#   Check if swap backing store is full
#   Decrease Java heap size (-Xmx/-Xms)
#   Decrease number of Java threads
#   Decrease Java thread stack sizes (-Xss)
#   Set larger code cache with -XX:ReservedCodeCacheSize=
#   JVM is running with Unscaled Compressed Oops mode in which the Java heap is
#     placed in the first 4GB address space. The Java Heap base address is the
#     maximum limit for the native heap growth. Please use -XX:HeapBaseMinAddress
#     to set the Java Heap base and to place the Java Heap above 4GB virtual address.
# This output file may be truncated or incomplete.
#
#  Out of Memory Error (arena.cpp:191), pid=3488, tid=13884
#
# JRE version: OpenJDK Runtime Environment Temurin-17.0.13+11 (17.0.13+11) (build 17.0.13+11)
# Java VM: OpenJDK 64-Bit Server VM Temurin-17.0.13+11 (17.0.13+11, mixed mode, tiered, compressed oops, compressed class ptrs, g1 gc, windows-amd64)
# No core dump will be written. Minidumps are not enabled by default on client versions of Windows
#

---------------  S U M M A R Y ------------

Command Line: -XX:+ShowCodeDetailsInExceptionMessages co.edu.unbosque.controller.AplMain

Host: AMD Ryzen 3 3250U with Radeon Graphics         , 4 cores, 3G,  Windows 11 , 64 bit Build 22621 (10.0.22621.4391)
Time: Wed Nov 20 00:12:47 2024 Hora est. Pacífico, Sudamérica elapsed time: 14.492653 seconds (0d 0h 0m 14s)

---------------  T H R E A D  ---------------

Current thread (0x000001ac28c43fa0):  JavaThread "C2 CompilerThread0" daemon [_thread_in_native, id=13884, stack(0x0000007850b00000,0x0000007850c00000)]


Current CompileTask:
C2:  14492 4857       4       jdk.internal.org.objectweb.asm.SymbolTable::addConstantMemberReference (147 bytes)

Stack: [0x0000007850b00000,0x0000007850c00000]
Native frames: (J=compiled Java code, j=interpreted, Vv=VM code, C=native code)
V  [jvm.dll+0x682a19]
V  [jvm.dll+0x839538]
V  [jvm.dll+0x83afe3]
V  [jvm.dll+0x83b653]
V  [jvm.dll+0x24704f]
V  [jvm.dll+0xace34]
V  [jvm.dll+0xad4cc]
V  [jvm.dll+0x36592f]
V  [jvm.dll+0x32fbd8]
V  [jvm.dll+0x32f05a]
V  [jvm.dll+0x21804f]
V  [jvm.dll+0x21748f]
V  [jvm.dll+0x1a3070]
V  [jvm.dll+0x22788c]
V  [jvm.dll+0x2259eb]
V  [jvm.dll+0x7eec98]
V  [jvm.dll+0x7e8ffc]
V  [jvm.dll+0x6818f7]
C  [ucrtbase.dll+0x29333]
C  [KERNEL32.DLL+0x1259d]
C  [ntdll.dll+0x5af38]


---------------  P R O C E S S  ---------------

Threads class SMR info:
_java_thread_list=0x000001ac2dad9360, length=21, elements={
0x000001ac129baeb0, 0x000001ac28bf0040, 0x000001ac28bf0ec0, 0x000001ac28c34010,
0x000001ac28c36cf0, 0x000001ac28c375c0, 0x000001ac28c3fea0, 0x000001ac28c43fa0,
0x000001ac28c44960, 0x000001ac28c47a60, 0x000001ac2d1252b0, 0x000001ac2d146010,
0x000001ac2d581730, 0x000001ac2e1f51f0, 0x000001ac2e1f56d0, 0x000001ac2e41caa0,
0x000001ac2e5ee050, 0x000001ac2e5f03c0, 0x000001ac2e5ef490, 0x000001ac2e5ef9a0,
0x000001ac2e5ed120
}

Java Threads: ( => current thread )
  0x000001ac129baeb0 JavaThread "main" [_thread_in_Java, id=21068, stack(0x000000784fe00000,0x000000784ff00000)]
  0x000001ac28bf0040 JavaThread "Reference Handler" daemon [_thread_blocked, id=1160, stack(0x0000007850500000,0x0000007850600000)]
  0x000001ac28bf0ec0 JavaThread "Finalizer" daemon [_thread_blocked, id=2156, stack(0x0000007850600000,0x0000007850700000)]
  0x000001ac28c34010 JavaThread "Signal Dispatcher" daemon [_thread_blocked, id=19768, stack(0x0000007850700000,0x0000007850800000)]
  0x000001ac28c36cf0 JavaThread "Attach Listener" daemon [_thread_blocked, id=19488, stack(0x0000007850800000,0x0000007850900000)]
  0x000001ac28c375c0 JavaThread "Service Thread" daemon [_thread_blocked, id=2988, stack(0x0000007850900000,0x0000007850a00000)]
  0x000001ac28c3fea0 JavaThread "Monitor Deflation Thread" daemon [_thread_blocked, id=2792, stack(0x0000007850a00000,0x0000007850b00000)]
=>0x000001ac28c43fa0 JavaThread "C2 CompilerThread0" daemon [_thread_in_native, id=13884, stack(0x0000007850b00000,0x0000007850c00000)]
  0x000001ac28c44960 JavaThread "C1 CompilerThread0" daemon [_thread_blocked, id=19340, stack(0x0000007850c00000,0x0000007850d00000)]
  0x000001ac28c47a60 JavaThread "Sweeper thread" daemon [_thread_blocked, id=15500, stack(0x0000007850d00000,0x0000007850e00000)]
  0x000001ac2d1252b0 JavaThread "Notification Thread" daemon [_thread_blocked, id=19684, stack(0x0000007850e00000,0x0000007850f00000)]
  0x000001ac2d146010 JavaThread "Common-Cleaner" daemon [_thread_blocked, id=23100, stack(0x0000007851000000,0x0000007851100000)]
  0x000001ac2d581730 JavaThread "Java2D Disposer" daemon [_thread_blocked, id=17504, stack(0x0000007851100000,0x0000007851200000)]
  0x000001ac2e1f51f0 JavaThread "AWT-Shutdown" [_thread_blocked, id=19976, stack(0x0000007851200000,0x0000007851300000)]
  0x000001ac2e1f56d0 JavaThread "AWT-Windows" daemon [_thread_in_native, id=23484, stack(0x0000007851300000,0x0000007851400000)]
  0x000001ac2e41caa0 JavaThread "AWT-EventQueue-0" [_thread_blocked, id=20348, stack(0x0000007851e00000,0x0000007851f00000)]
  0x000001ac2e5ee050 JavaThread "D3D Screen Updater" daemon [_thread_blocked, id=15732, stack(0x0000007852100000,0x0000007852200000)]
  0x000001ac2e5f03c0 JavaThread "TimerQueue" daemon [_thread_blocked, id=12204, stack(0x0000007852200000,0x0000007852300000)]
  0x000001ac2e5ef490 JavaThread "PostgreSQL-JDBC-Cleaner" daemon [_thread_blocked, id=4388, stack(0x0000007851f00000,0x0000007852000000)]
  0x000001ac2e5ef9a0 JavaThread "Hibernate Connection Pool Validation Thread" daemon [_thread_blocked, id=23012, stack(0x0000007852600000,0x0000007852700000)]
  0x000001ac2e5ed120 JavaThread "pool-1-thread-1" [_thread_blocked, id=20320, stack(0x0000007852700000,0x0000007852800000)]

Other Threads:
  0x000001ac28bc7040 VMThread "VM Thread" [stack: 0x0000007850400000,0x0000007850500000] [id=19828]
  0x000001ac2d127bb0 WatcherThread [stack: 0x0000007850f00000,0x0000007851000000] [id=22052]
  0x000001ac129faea0 GCTaskThread "GC Thread#0" [stack: 0x000000784ff00000,0x0000007850000000] [id=5196]
  0x000001ac2d750ee0 GCTaskThread "GC Thread#1" [stack: 0x0000007851400000,0x0000007851500000] [id=5384]
  0x000001ac2d94c5f0 GCTaskThread "GC Thread#2" [stack: 0x0000007851500000,0x0000007851600000] [id=22728]
  0x000001ac2dbbd030 GCTaskThread "GC Thread#3" [stack: 0x0000007851600000,0x0000007851700000] [id=16704]
  0x000001ac12a02c30 ConcurrentGCThread "G1 Main Marker" [stack: 0x0000007850000000,0x0000007850100000] [id=3052]
  0x000001ac12a03650 ConcurrentGCThread "G1 Conc#0" [stack: 0x0000007850100000,0x0000007850200000] [id=12852]
  0x000001ac12a46680 ConcurrentGCThread "G1 Refine#0" [stack: 0x0000007850200000,0x0000007850300000] [id=22744]
  0x000001ac2dbbd2f0 ConcurrentGCThread "G1 Refine#1" [stack: 0x0000007851700000,0x0000007851800000] [id=11640]
  0x000001ac12a470b0 ConcurrentGCThread "G1 Service" [stack: 0x0000007850300000,0x0000007850400000] [id=16528]

Threads with active compile tasks:
C2 CompilerThread0    14669 4857       4       jdk.internal.org.objectweb.asm.SymbolTable::addConstantMemberReference (147 bytes)

VM state: not at safepoint (normal execution)

VM Mutex/Monitor currently owned by a thread: None

Heap address: 0x00000000c8e00000, size: 882 MB, Compressed Oops mode: 32-bit

CDS archive(s) not mapped
Compressed class space mapped at: 0x0000000100000000-0x0000000140000000, reserved size: 1073741824
Narrow klass base: 0x0000000000000000, Narrow klass shift: 3, Narrow klass range: 0x140000000

GC Precious Log:
 CPUs: 4 total, 4 available
 Memory: 3526M
 Large Page Support: Disabled
 NUMA Support: Disabled
 Compressed Oops: Enabled (32-bit)
 Heap Region Size: 1M
 Heap Min Capacity: 8M
 Heap Initial Capacity: 56M
 Heap Max Capacity: 882M
 Pre-touch: Disabled
 Parallel Workers: 4
 Concurrent Workers: 1
 Concurrent Refinement Workers: 4
 Periodic GC: Disabled

Heap:
 garbage-first heap   total 53248K, used 29539K [0x00000000c8e00000, 0x0000000100000000)
  region size 1024K, 10 young (10240K), 3 survivors (3072K)
 Metaspace       used 55261K, committed 55616K, reserved 1114112K
  class space    used 7309K, committed 7488K, reserved 1048576K

Heap Regions: E=young(eden), S=young(survivor), O=old, HS=humongous(starts), HC=humongous(continues), CS=collection set, F=free, OA=open archive, CA=closed archive, TAMS=top-at-mark-start (previous, next)
|   0|0x00000000c8e00000, 0x00000000c8f00000, 0x00000000c8f00000|100%|HS|  |TAMS 0x00000000c8f00000, 0x00000000c8e00000| Complete 
|   1|0x00000000c8f00000, 0x00000000c9000000, 0x00000000c9000000|100%| O|  |TAMS 0x00000000c9000000, 0x00000000c8f00000| Untracked 
|   2|0x00000000c9000000, 0x00000000c9100000, 0x00000000c9100000|100%| O|  |TAMS 0x00000000c9100000, 0x00000000c9000000| Untracked 
|   3|0x00000000c9100000, 0x00000000c9200000, 0x00000000c9200000|100%|HS|  |TAMS 0x00000000c9200000, 0x00000000c9100000| Complete 
|   4|0x00000000c9200000, 0x00000000c9300000, 0x00000000c9300000|100%|HC|  |TAMS 0x00000000c9300000, 0x00000000c9200000| Complete 
|   5|0x00000000c9300000, 0x00000000c9400000, 0x00000000c9400000|100%|HC|  |TAMS 0x00000000c9400000, 0x00000000c9300000| Complete 
|   6|0x00000000c9400000, 0x00000000c9500000, 0x00000000c9500000|100%|HC|  |TAMS 0x00000000c9500000, 0x00000000c9400000| Complete 
|   7|0x00000000c9500000, 0x00000000c9600000, 0x00000000c9600000|100%|HC|  |TAMS 0x00000000c9600000, 0x00000000c9500000| Complete 
|   8|0x00000000c9600000, 0x00000000c9700000, 0x00000000c9700000|100%| O|  |TAMS 0x00000000c9700000, 0x00000000c9600000| Untracked 
|   9|0x00000000c9700000, 0x00000000c9800000, 0x00000000c9800000|100%| O|  |TAMS 0x00000000c9800000, 0x00000000c9700000| Untracked 
|  10|0x00000000c9800000, 0x00000000c9900000, 0x00000000c9900000|100%| O|  |TAMS 0x00000000c9900000, 0x00000000c9800000| Untracked 
|  11|0x00000000c9900000, 0x00000000c99a0000, 0x00000000c9a00000| 62%| O|  |TAMS 0x00000000c99a0000, 0x00000000c9900000| Untracked 
|  12|0x00000000c9a00000, 0x00000000c9b00000, 0x00000000c9b00000|100%| O|  |TAMS 0x00000000c9a62400, 0x00000000c9a00000| Untracked 
|  13|0x00000000c9b00000, 0x00000000c9c00000, 0x00000000c9c00000|100%| O|  |TAMS 0x00000000c9b00000, 0x00000000c9b00000| Untracked 
|  14|0x00000000c9c00000, 0x00000000c9d00000, 0x00000000c9d00000|100%| O|  |TAMS 0x00000000c9c00000, 0x00000000c9c00000| Untracked 
|  15|0x00000000c9d00000, 0x00000000c9d0f600, 0x00000000c9e00000|  6%| O|  |TAMS 0x00000000c9d00000, 0x00000000c9d00000| Untracked 
|  16|0x00000000c9e00000, 0x00000000c9e00000, 0x00000000c9f00000|  0%| F|  |TAMS 0x00000000c9e00000, 0x00000000c9e00000| Untracked 
|  17|0x00000000c9f00000, 0x00000000ca000000, 0x00000000ca000000|100%|HS|  |TAMS 0x00000000ca000000, 0x00000000c9f00000| Complete 
|  18|0x00000000ca000000, 0x00000000ca100000, 0x00000000ca100000|100%|HC|  |TAMS 0x00000000ca100000, 0x00000000ca000000| Complete 
|  19|0x00000000ca100000, 0x00000000ca200000, 0x00000000ca200000|100%|HC|  |TAMS 0x00000000ca200000, 0x00000000ca100000| Complete 
|  20|0x00000000ca200000, 0x00000000ca300000, 0x00000000ca300000|100%|HC|  |TAMS 0x00000000ca300000, 0x00000000ca200000| Complete 
|  21|0x00000000ca300000, 0x00000000ca300000, 0x00000000ca400000|  0%| F|  |TAMS 0x00000000ca300000, 0x00000000ca300000| Untracked 
|  22|0x00000000ca400000, 0x00000000ca400000, 0x00000000ca500000|  0%| F|  |TAMS 0x00000000ca400000, 0x00000000ca400000| Untracked 
|  23|0x00000000ca500000, 0x00000000ca600000, 0x00000000ca600000|100%| O|  |TAMS 0x00000000ca600000, 0x00000000ca500000| Untracked 
|  24|0x00000000ca600000, 0x00000000ca700000, 0x00000000ca700000|100%| O|  |TAMS 0x00000000ca700000, 0x00000000ca600000| Untracked 
|  25|0x00000000ca700000, 0x00000000ca800000, 0x00000000ca800000|100%| O|  |TAMS 0x00000000ca800000, 0x00000000ca700000| Untracked 
|  26|0x00000000ca800000, 0x00000000ca800000, 0x00000000ca900000|  0%| F|  |TAMS 0x00000000ca800000, 0x00000000ca800000| Untracked 
|  27|0x00000000ca900000, 0x00000000ca900000, 0x00000000caa00000|  0%| F|  |TAMS 0x00000000ca900000, 0x00000000ca900000| Untracked 
|  28|0x00000000caa00000, 0x00000000caa00000, 0x00000000cab00000|  0%| F|  |TAMS 0x00000000caa00000, 0x00000000caa00000| Untracked 
|  29|0x00000000cab00000, 0x00000000cab00000, 0x00000000cac00000|  0%| F|  |TAMS 0x00000000cab00000, 0x00000000cab00000| Untracked 
|  30|0x00000000cac00000, 0x00000000cac00000, 0x00000000cad00000|  0%| F|  |TAMS 0x00000000cac00000, 0x00000000cac00000| Untracked 
|  31|0x00000000cad00000, 0x00000000cad29858, 0x00000000cae00000| 16%| S|CS|TAMS 0x00000000cad00000, 0x00000000cad00000| Complete 
|  32|0x00000000cae00000, 0x00000000caf00000, 0x00000000caf00000|100%| S|CS|TAMS 0x00000000cae00000, 0x00000000cae00000| Complete 
|  33|0x00000000caf00000, 0x00000000cb000000, 0x00000000cb000000|100%| S|CS|TAMS 0x00000000caf00000, 0x00000000caf00000| Complete 
|  34|0x00000000cb000000, 0x00000000cb000000, 0x00000000cb100000|  0%| F|  |TAMS 0x00000000cb000000, 0x00000000cb000000| Untracked 
|  35|0x00000000cb100000, 0x00000000cb100000, 0x00000000cb200000|  0%| F|  |TAMS 0x00000000cb100000, 0x00000000cb100000| Untracked 
|  36|0x00000000cb200000, 0x00000000cb200000, 0x00000000cb300000|  0%| F|  |TAMS 0x00000000cb200000, 0x00000000cb200000| Untracked 
|  37|0x00000000cb300000, 0x00000000cb300000, 0x00000000cb400000|  0%| F|  |TAMS 0x00000000cb300000, 0x00000000cb300000| Untracked 
|  38|0x00000000cb400000, 0x00000000cb400000, 0x00000000cb500000|  0%| F|  |TAMS 0x00000000cb400000, 0x00000000cb400000| Untracked 
|  39|0x00000000cb500000, 0x00000000cb500000, 0x00000000cb600000|  0%| F|  |TAMS 0x00000000cb500000, 0x00000000cb500000| Untracked 
|  40|0x00000000cb600000, 0x00000000cb600000, 0x00000000cb700000|  0%| F|  |TAMS 0x00000000cb600000, 0x00000000cb600000| Untracked 
|  41|0x00000000cb700000, 0x00000000cb700000, 0x00000000cb800000|  0%| F|  |TAMS 0x00000000cb700000, 0x00000000cb700000| Untracked 
|  42|0x00000000cb800000, 0x00000000cb800000, 0x00000000cb900000|  0%| F|  |TAMS 0x00000000cb800000, 0x00000000cb800000| Untracked 
|  43|0x00000000cb900000, 0x00000000cb900000, 0x00000000cba00000|  0%| F|  |TAMS 0x00000000cb900000, 0x00000000cb900000| Untracked 
|  44|0x00000000cba00000, 0x00000000cba00000, 0x00000000cbb00000|  0%| F|  |TAMS 0x00000000cba00000, 0x00000000cba00000| Untracked 
|  45|0x00000000cbb00000, 0x00000000cbc00000, 0x00000000cbc00000|100%| E|CS|TAMS 0x00000000cbb00000, 0x00000000cbb00000| Complete 
|  46|0x00000000cbc00000, 0x00000000cbd00000, 0x00000000cbd00000|100%| E|CS|TAMS 0x00000000cbc00000, 0x00000000cbc00000| Complete 
|  47|0x00000000cbd00000, 0x00000000cbe00000, 0x00000000cbe00000|100%| E|  |TAMS 0x00000000cbd00000, 0x00000000cbd00000| Complete 
|  48|0x00000000cbe00000, 0x00000000cbf00000, 0x00000000cbf00000|100%| E|CS|TAMS 0x00000000cbe00000, 0x00000000cbe00000| Complete 
|  49|0x00000000cbf00000, 0x00000000cc000000, 0x00000000cc000000|100%| E|CS|TAMS 0x00000000cbf00000, 0x00000000cbf00000| Complete 
|  50|0x00000000cc000000, 0x00000000cc100000, 0x00000000cc100000|100%| E|CS|TAMS 0x00000000cc000000, 0x00000000cc000000| Complete 
|  55|0x00000000cc500000, 0x00000000cc600000, 0x00000000cc600000|100%| E|CS|TAMS 0x00000000cc500000, 0x00000000cc500000| Complete 

Card table byte_map: [0x000001ac24810000,0x000001ac249d0000] _byte_map_base: 0x000001ac241c9000

Marking Bits (Prev, Next): (CMBitMap*) 0x000001ac129fb500, (CMBitMap*) 0x000001ac129fb4c0
 Prev Bits: [0x000001ac25960000, 0x000001ac26728000)
 Next Bits: [0x000001ac24b90000, 0x000001ac25958000)

Polling page: 0x000001ac12170000

Metaspace:

Usage:
  Non-class:     46.84 MB used.
      Class:      7.14 MB used.
       Both:     53.99 MB used.

Virtual space:
  Non-class space:       64.00 MB reserved,      47.06 MB ( 74%) committed,  1 nodes.
      Class space:        1.00 GB reserved,       7.31 MB ( <1%) committed,  1 nodes.
             Both:        1.06 GB reserved,      54.38 MB (  5%) committed. 

Chunk freelists:
   Non-Class:  1008.00 KB
       Class:  8.59 MB
        Both:  9.58 MB

MaxMetaspaceSize: unlimited
CompressedClassSpaceSize: 1.00 GB
Initial GC threshold: 21.00 MB
Current GC threshold: 75.12 MB
CDS: off
MetaspaceReclaimPolicy: balanced
 - commit_granule_bytes: 65536.
 - commit_granule_words: 8192.
 - virtual_space_node_default_size: 8388608.
 - enlarge_chunks_in_place: 1.
 - new_chunks_are_fully_committed: 0.
 - uncommit_free_chunks: 1.
 - use_allocation_guard: 0.
 - handle_deallocations: 1.


Internal statistics:

num_allocs_failed_limit: 8.
num_arena_births: 476.
num_arena_deaths: 0.
num_vsnodes_births: 2.
num_vsnodes_deaths: 0.
num_space_committed: 870.
num_space_uncommitted: 0.
num_chunks_returned_to_freelist: 8.
num_chunks_taken_from_freelist: 1765.
num_chunk_merges: 8.
num_chunk_splits: 1248.
num_chunks_enlarged: 966.
num_inconsistent_stats: 0.

CodeHeap 'non-profiled nmethods': size=120000Kb used=2093Kb max_used=2093Kb free=117906Kb
 bounds [0x000001ac1d120000, 0x000001ac1d390000, 0x000001ac24650000]
CodeHeap 'profiled nmethods': size=120000Kb used=9878Kb max_used=9878Kb free=110121Kb
 bounds [0x000001ac15650000, 0x000001ac16000000, 0x000001ac1cb80000]
CodeHeap 'non-nmethods': size=5760Kb used=1513Kb max_used=1549Kb free=4246Kb
 bounds [0x000001ac1cb80000, 0x000001ac1cdf0000, 0x000001ac1d120000]
 total_blobs=5988 nmethods=5089 adapters=809
 compilation: enabled
              stopped_count=0, restarted_count=0
 full_count=0

Compilation events (20 events):
Event: 14.363 Thread 0x000001ac28c44960 5066       3       java.lang.invoke.InnerClassLambdaMetafactory::generateConstructor (151 bytes)
Event: 14.364 Thread 0x000001ac28c44960 nmethod 5066 0x000001ac15fdd810 code [0x000001ac15fddae0, 0x000001ac15fdea28]
Event: 14.364 Thread 0x000001ac28c44960 5068       3       java.lang.invoke.InnerClassLambdaMetafactory$ForwardingMethodGenerator::generate (272 bytes)
Event: 14.366 Thread 0x000001ac28c44960 nmethod 5068 0x000001ac15fdef90 code [0x000001ac15fdf320, 0x000001ac15fe0e68]
Event: 14.366 Thread 0x000001ac28c44960 5069       3       java.lang.invoke.InnerClassLambdaMetafactory$ForwardingMethodGenerator::convertArgumentTypes (96 bytes)
Event: 14.367 Thread 0x000001ac28c44960 nmethod 5069 0x000001ac15fe1710 code [0x000001ac15fe1960, 0x000001ac15fe2398]
Event: 14.367 Thread 0x000001ac28c44960 5063       3       java.lang.invoke.LambdaProxyClassArchive::loadedByBuiltinLoader (22 bytes)
Event: 14.369 Thread 0x000001ac28c44960 nmethod 5063 0x000001ac15fe2910 code [0x000001ac15fe2b60, 0x000001ac15fe3618]
Event: 14.369 Thread 0x000001ac28c44960 5064       3       jdk.internal.misc.CDS::isSharingEnabled (4 bytes)
Event: 14.370 Thread 0x000001ac28c44960 nmethod 5064 0x000001ac15fe3990 code [0x000001ac15fe3b20, 0x000001ac15fe3c18]
Event: 14.370 Thread 0x000001ac28c44960 5067       3       java.lang.invoke.InnerClassLambdaMetafactory$ForwardingMethodGenerator::<init> (11 bytes)
Event: 14.370 Thread 0x000001ac28c44960 nmethod 5067 0x000001ac15fe3c90 code [0x000001ac15fe3e40, 0x000001ac15fe4048]
Event: 14.370 Thread 0x000001ac28c44960 5070       3       java.lang.invoke.InnerClassLambdaMetafactory$ForwardingMethodGenerator::invocationOpcode (104 bytes)
Event: 14.371 Thread 0x000001ac28c44960 nmethod 5070 0x000001ac15fe4110 code [0x000001ac15fe4360, 0x000001ac15fe4b78]
Event: 14.371 Thread 0x000001ac28c44960 5071       3       sun.java2d.d3d.D3DSurfaceData$D3DWindowSurfaceData::isDirty (18 bytes)
Event: 14.372 Thread 0x000001ac28c44960 nmethod 5071 0x000001ac15fe4e10 code [0x000001ac15fe4fc0, 0x000001ac15fe51e8]
Event: 14.385 Thread 0x000001ac28c44960 5073       3       java.lang.PublicMethods::toArray (76 bytes)
Event: 14.385 Thread 0x000001ac28c44960 nmethod 5073 0x000001ac15fe5290 code [0x000001ac15fe54a0, 0x000001ac15fe5d38]
Event: 14.385 Thread 0x000001ac28c44960 5074       3       java.lang.PublicMethods$Key::equals (50 bytes)
Event: 14.386 Thread 0x000001ac28c44960 nmethod 5074 0x000001ac15fe5f90 code [0x000001ac15fe6160, 0x000001ac15fe65a8]

GC Heap History (20 events):
Event: 5.581 GC heap before
{Heap before GC invocations=9 (full 0):
 garbage-first heap   total 53248K, used 29011K [0x00000000c8e00000, 0x0000000100000000)
  region size 1024K, 2 young (2048K), 1 survivors (1024K)
 Metaspace       used 26670K, committed 26944K, reserved 1114112K
  class space    used 3173K, committed 3328K, reserved 1048576K
}
Event: 5.584 GC heap after
{Heap after GC invocations=10 (full 0):
 garbage-first heap   total 53248K, used 21849K [0x00000000c8e00000, 0x0000000100000000)
  region size 1024K, 1 young (1024K), 1 survivors (1024K)
 Metaspace       used 26670K, committed 26944K, reserved 1114112K
  class space    used 3173K, committed 3328K, reserved 1048576K
}
Event: 5.617 GC heap before
{Heap before GC invocations=10 (full 0):
 garbage-first heap   total 53248K, used 25945K [0x00000000c8e00000, 0x0000000100000000)
  region size 1024K, 2 young (2048K), 1 survivors (1024K)
 Metaspace       used 26670K, committed 26944K, reserved 1114112K
  class space    used 3173K, committed 3328K, reserved 1048576K
}
Event: 5.619 GC heap after
{Heap after GC invocations=11 (full 0):
 garbage-first heap   total 53248K, used 23889K [0x00000000c8e00000, 0x0000000100000000)
  region size 1024K, 1 young (1024K), 1 survivors (1024K)
 Metaspace       used 26670K, committed 26944K, reserved 1114112K
  class space    used 3173K, committed 3328K, reserved 1048576K
}
Event: 5.709 GC heap before
{Heap before GC invocations=12 (full 0):
 garbage-first heap   total 53248K, used 25937K [0x00000000c8e00000, 0x0000000100000000)
  region size 1024K, 2 young (2048K), 1 survivors (1024K)
 Metaspace       used 26725K, committed 27072K, reserved 1114112K
  class space    used 3180K, committed 3328K, reserved 1048576K
}
Event: 5.711 GC heap after
{Heap after GC invocations=13 (full 0):
 garbage-first heap   total 53248K, used 23962K [0x00000000c8e00000, 0x0000000100000000)
  region size 1024K, 1 young (1024K), 1 survivors (1024K)
 Metaspace       used 26725K, committed 27072K, reserved 1114112K
  class space    used 3180K, committed 3328K, reserved 1048576K
}
Event: 5.810 GC heap before
{Heap before GC invocations=14 (full 0):
 garbage-first heap   total 53248K, used 29082K [0x00000000c8e00000, 0x0000000100000000)
  region size 1024K, 3 young (3072K), 1 survivors (1024K)
 Metaspace       used 27157K, committed 27456K, reserved 1114112K
  class space    used 3233K, committed 3392K, reserved 1048576K
}
Event: 5.812 GC heap after
{Heap after GC invocations=15 (full 0):
 garbage-first heap   total 53248K, used 24007K [0x00000000c8e00000, 0x0000000100000000)
  region size 1024K, 1 young (1024K), 1 survivors (1024K)
 Metaspace       used 27157K, committed 27456K, reserved 1114112K
  class space    used 3233K, committed 3392K, reserved 1048576K
}
Event: 7.705 GC heap before
{Heap before GC invocations=16 (full 0):
 garbage-first heap   total 53248K, used 46535K [0x00000000c8e00000, 0x0000000100000000)
  region size 1024K, 18 young (18432K), 1 survivors (1024K)
 Metaspace       used 31263K, committed 31552K, reserved 1114112K
  class space    used 3803K, committed 3968K, reserved 1048576K
}
Event: 7.711 GC heap after
{Heap after GC invocations=17 (full 0):
 garbage-first heap   total 53248K, used 22628K [0x00000000c8e00000, 0x0000000100000000)
  region size 1024K, 2 young (2048K), 2 survivors (2048K)
 Metaspace       used 31263K, committed 31552K, reserved 1114112K
  class space    used 3803K, committed 3968K, reserved 1048576K
}
Event: 10.233 GC heap before
{Heap before GC invocations=17 (full 0):
 garbage-first heap   total 53248K, used 41060K [0x00000000c8e00000, 0x0000000100000000)
  region size 1024K, 20 young (20480K), 2 survivors (2048K)
 Metaspace       used 37231K, committed 37504K, reserved 1114112K
  class space    used 4594K, committed 4736K, reserved 1048576K
}
Event: 10.238 GC heap after
{Heap after GC invocations=18 (full 0):
 garbage-first heap   total 53248K, used 21029K [0x00000000c8e00000, 0x0000000100000000)
  region size 1024K, 3 young (3072K), 3 survivors (3072K)
 Metaspace       used 37231K, committed 37504K, reserved 1114112K
  class space    used 4594K, committed 4736K, reserved 1048576K
}
Event: 11.368 GC heap before
{Heap before GC invocations=18 (full 0):
 garbage-first heap   total 53248K, used 40485K [0x00000000c8e00000, 0x0000000100000000)
  region size 1024K, 22 young (22528K), 3 survivors (3072K)
 Metaspace       used 41913K, committed 42240K, reserved 1114112K
  class space    used 5279K, committed 5440K, reserved 1048576K
}
Event: 11.377 GC heap after
{Heap after GC invocations=19 (full 0):
 garbage-first heap   total 53248K, used 22241K [0x00000000c8e00000, 0x0000000100000000)
  region size 1024K, 3 young (3072K), 3 survivors (3072K)
 Metaspace       used 41913K, committed 42240K, reserved 1114112K
  class space    used 5279K, committed 5440K, reserved 1048576K
}
Event: 12.005 GC heap before
{Heap before GC invocations=19 (full 0):
 garbage-first heap   total 53248K, used 34529K [0x00000000c8e00000, 0x0000000100000000)
  region size 1024K, 16 young (16384K), 3 survivors (3072K)
 Metaspace       used 45626K, committed 45888K, reserved 1114112K
  class space    used 5719K, committed 5824K, reserved 1048576K
}
Event: 12.013 GC heap after
{Heap after GC invocations=20 (full 0):
 garbage-first heap   total 53248K, used 23178K [0x00000000c8e00000, 0x0000000100000000)
  region size 1024K, 3 young (3072K), 3 survivors (3072K)
 Metaspace       used 45626K, committed 45888K, reserved 1114112K
  class space    used 5719K, committed 5824K, reserved 1048576K
}
Event: 13.343 GC heap before
{Heap before GC invocations=21 (full 0):
 garbage-first heap   total 53248K, used 41610K [0x00000000c8e00000, 0x0000000100000000)
  region size 1024K, 21 young (21504K), 3 survivors (3072K)
 Metaspace       used 50290K, committed 50624K, reserved 1114112K
  class space    used 6607K, committed 6720K, reserved 1048576K
}
Event: 13.350 GC heap after
{Heap after GC invocations=22 (full 0):
 garbage-first heap   total 53248K, used 23695K [0x00000000c8e00000, 0x0000000100000000)
  region size 1024K, 2 young (2048K), 2 survivors (2048K)
 Metaspace       used 50290K, committed 50624K, reserved 1114112K
  class space    used 6607K, committed 6720K, reserved 1048576K
}
Event: 14.138 GC heap before
{Heap before GC invocations=22 (full 0):
 garbage-first heap   total 53248K, used 42127K [0x00000000c8e00000, 0x0000000100000000)
  region size 1024K, 20 young (20480K), 2 survivors (2048K)
 Metaspace       used 53347K, committed 53760K, reserved 1114112K
  class space    used 7061K, committed 7232K, reserved 1048576K
}
Event: 14.144 GC heap after
{Heap after GC invocations=23 (full 0):
 garbage-first heap   total 53248K, used 24419K [0x00000000c8e00000, 0x0000000100000000)
  region size 1024K, 3 young (3072K), 3 survivors (3072K)
 Metaspace       used 53347K, committed 53760K, reserved 1114112K
  class space    used 7061K, committed 7232K, reserved 1048576K
}

Dll operation events (15 events):
Event: 0.017 Loaded shared library C:\Users\aleja\.vscode\extensions\redhat.java-1.36.0-win32-x64\jre\17.0.13-win32-x86_64\bin\java.dll
Event: 0.235 Loaded shared library C:\Users\aleja\.vscode\extensions\redhat.java-1.36.0-win32-x64\jre\17.0.13-win32-x86_64\bin\net.dll
Event: 0.239 Loaded shared library C:\Users\aleja\.vscode\extensions\redhat.java-1.36.0-win32-x64\jre\17.0.13-win32-x86_64\bin\nio.dll
Event: 0.262 Loaded shared library C:\Users\aleja\.vscode\extensions\redhat.java-1.36.0-win32-x64\jre\17.0.13-win32-x86_64\bin\zip.dll
Event: 0.355 Loaded shared library C:\Users\aleja\.vscode\extensions\redhat.java-1.36.0-win32-x64\jre\17.0.13-win32-x86_64\bin\jimage.dll
Event: 0.412 Loaded shared library C:\Users\aleja\.vscode\extensions\redhat.java-1.36.0-win32-x64\jre\17.0.13-win32-x86_64\bin\awt.dll
Event: 0.652 Loaded shared library C:\Users\aleja\.vscode\extensions\redhat.java-1.36.0-win32-x64\jre\17.0.13-win32-x86_64\bin\freetype.dll
Event: 0.655 Loaded shared library C:\Users\aleja\.vscode\extensions\redhat.java-1.36.0-win32-x64\jre\17.0.13-win32-x86_64\bin\fontmanager.dll
Event: 2.736 Loaded shared library C:\Users\aleja\AppData\Local\Temp\flatlaf.temp\flatlaf-windows-x86_64-213564513711000.dll
Event: 3.850 Loaded shared library C:\Users\aleja\.vscode\extensions\redhat.java-1.36.0-win32-x64\jre\17.0.13-win32-x86_64\bin\javajpeg.dll
Event: 4.046 Loaded shared library C:\Users\aleja\.vscode\extensions\redhat.java-1.36.0-win32-x64\jre\17.0.13-win32-x86_64\bin\verify.dll
Event: 5.156 Loaded shared library C:\Users\aleja\.vscode\extensions\redhat.java-1.36.0-win32-x64\jre\17.0.13-win32-x86_64\bin\mlib_image.dll
Event: 7.917 Loaded shared library C:\Users\aleja\.vscode\extensions\redhat.java-1.36.0-win32-x64\jre\17.0.13-win32-x86_64\bin\extnet.dll
Event: 7.941 Loaded shared library C:\Users\aleja\.vscode\extensions\redhat.java-1.36.0-win32-x64\jre\17.0.13-win32-x86_64\bin\management.dll
Event: 7.951 Loaded shared library C:\Users\aleja\.vscode\extensions\redhat.java-1.36.0-win32-x64\jre\17.0.13-win32-x86_64\bin\management_ext.dll

Deoptimization events (20 events):
Event: 13.764 Thread 0x000001ac129baeb0 Uncommon trap: trap_request=0xffffff45 fr.pc=0x000001ac1d1c4ba8 relative=0x0000000000000688
Event: 13.764 Thread 0x000001ac129baeb0 Uncommon trap: reason=unstable_if action=reinterpret pc=0x000001ac1d1c4ba8 method=java.util.ArrayList.grow(I)[Ljava/lang/Object; @ 17 c2
Event: 13.764 Thread 0x000001ac129baeb0 DEOPT PACKING pc=0x000001ac1d1c4ba8 sp=0x000000784fefe450
Event: 13.764 Thread 0x000001ac129baeb0 DEOPT UNPACKING pc=0x000001ac1cbd69a3 sp=0x000000784fefe2e8 mode 2
Event: 13.853 Thread 0x000001ac129baeb0 Uncommon trap: trap_request=0xffffff45 fr.pc=0x000001ac1d306834 relative=0x00000000000015b4
Event: 13.853 Thread 0x000001ac129baeb0 Uncommon trap: reason=unstable_if action=reinterpret pc=0x000001ac1d306834 method=jdk.internal.org.objectweb.asm.ByteVector.enlarge(I)V @ 17 c2
Event: 13.853 Thread 0x000001ac129baeb0 DEOPT PACKING pc=0x000001ac1d306834 sp=0x000000784fefd470
Event: 13.853 Thread 0x000001ac129baeb0 DEOPT UNPACKING pc=0x000001ac1cbd69a3 sp=0x000000784fefd358 mode 2
Event: 14.032 Thread 0x000001ac129baeb0 Uncommon trap: trap_request=0xffffff45 fr.pc=0x000001ac1d28041c relative=0x000000000000025c
Event: 14.032 Thread 0x000001ac129baeb0 Uncommon trap: reason=unstable_if action=reinterpret pc=0x000001ac1d28041c method=java.util.HashMap.getNode(Ljava/lang/Object;)Ljava/util/HashMap$Node; @ 66 c2
Event: 14.032 Thread 0x000001ac129baeb0 DEOPT PACKING pc=0x000001ac1d28041c sp=0x000000784fefc850
Event: 14.033 Thread 0x000001ac129baeb0 DEOPT UNPACKING pc=0x000001ac1cbd69a3 sp=0x000000784fefc7c0 mode 2
Event: 14.033 Thread 0x000001ac129baeb0 Uncommon trap: trap_request=0xffffff45 fr.pc=0x000001ac1d214c28 relative=0x0000000000000288
Event: 14.033 Thread 0x000001ac129baeb0 Uncommon trap: reason=unstable_if action=reinterpret pc=0x000001ac1d214c28 method=java.util.HashMap.putVal(ILjava/lang/Object;Ljava/lang/Object;ZZ)Ljava/lang/Object; @ 94 c2
Event: 14.033 Thread 0x000001ac129baeb0 DEOPT PACKING pc=0x000001ac1d214c28 sp=0x000000784fefc6b0
Event: 14.033 Thread 0x000001ac129baeb0 DEOPT UNPACKING pc=0x000001ac1cbd69a3 sp=0x000000784fefc580 mode 2
Event: 14.033 Thread 0x000001ac129baeb0 Uncommon trap: trap_request=0xffffff45 fr.pc=0x000001ac1d2aed88 relative=0x0000000000000508
Event: 14.033 Thread 0x000001ac129baeb0 Uncommon trap: reason=unstable_if action=reinterpret pc=0x000001ac1d2aed88 method=java.util.HashMap.putVal(ILjava/lang/Object;Ljava/lang/Object;ZZ)Ljava/lang/Object; @ 94 c2
Event: 14.033 Thread 0x000001ac129baeb0 DEOPT PACKING pc=0x000001ac1d2aed88 sp=0x000000784fefbe80
Event: 14.033 Thread 0x000001ac129baeb0 DEOPT UNPACKING pc=0x000001ac1cbd69a3 sp=0x000000784fefbe28 mode 2

Classes loaded (20 events):
Event: 11.721 Loading class java/util/concurrent/CancellationException
Event: 11.722 Loading class java/util/concurrent/CancellationException done
Event: 11.744 Loading class java/util/function/ToIntFunction
Event: 11.744 Loading class java/util/function/ToIntFunction done
Event: 12.557 Loading class java/util/concurrent/CompletableFuture$AsyncSupply
Event: 12.557 Loading class java/util/concurrent/CompletableFuture$AsyncSupply done
Event: 12.557 Loading class java/util/concurrent/ForkJoinTask$Aux
Event: 12.558 Loading class java/util/concurrent/ForkJoinTask$Aux done
Event: 12.558 Loading class java/util/concurrent/CompletableFuture$Signaller
Event: 12.558 Loading class java/util/concurrent/CompletableFuture$Signaller done
Event: 12.689 Loading class java/util/AbstractList$SubList
Event: 12.690 Loading class java/util/AbstractList$SubList done
Event: 12.711 Loading class java/util/AbstractList$ListItr
Event: 12.711 Loading class java/util/AbstractList$ListItr done
Event: 12.933 Loading class java/lang/reflect/AnnotatedArrayType
Event: 12.933 Loading class java/lang/reflect/AnnotatedArrayType done
Event: 13.244 Loading class sun/reflect/generics/scope/ConstructorScope
Event: 13.244 Loading class sun/reflect/generics/scope/ConstructorScope done
Event: 13.247 Loading class java/lang/reflect/AnnotatedParameterizedType
Event: 13.247 Loading class java/lang/reflect/AnnotatedParameterizedType done

Classes unloaded (0 events):
No events

Classes redefined (0 events):
No events

Internal exceptions (20 events):
Event: 13.670 Thread 0x000001ac129baeb0 Exception <a 'java/lang/NoSuchMethodError'{0x00000000cb8d6470}: 'java.lang.Object java.lang.invoke.DirectMethodHandle$Holder.newInvokeSpecial(java.lang.Object, java.lang.Object, java.lang.Object, java.lang.Object, java.lang.Object, java.lang.Object, java.lang.Object)'> (0x00000000cb8d6470) 
thrown [s\src\hotspot\share\interpreter\linkResolver.cpp, line 759]
Event: 13.671 Thread 0x000001ac129baeb0 Exception <a 'java/lang/NoSuchMethodError'{0x00000000cb8dad80}: 'java.lang.Object java.lang.invoke.Invokers$Holder.linkToTargetMethod(java.lang.Object, java.lang.Object, java.lang.Object, java.lang.Object, java.lang.Object, java.lang.Object, java.lang.Object)'> (0x00000000cb8dad80) 
thrown [s\src\hotspot\share\interpreter\linkResolver.cpp, line 759]
Event: 13.697 Thread 0x000001ac129baeb0 Exception <a 'java/lang/NoSuchMethodError'{0x00000000cb74fa08}: 'void java.lang.invoke.DirectMethodHandle$Holder.invokeStatic(java.lang.Object, java.lang.Object, java.lang.Object, int, java.lang.Object)'> (0x00000000cb74fa08) 
thrown [s\src\hotspot\share\interpreter\linkResolver.cpp, line 759]
Event: 13.700 Thread 0x000001ac129baeb0 Exception <a 'java/lang/NoSuchMethodError'{0x00000000cb75cc00}: 'void java.lang.invoke.DirectMethodHandle$Holder.invokeInterface(java.lang.Object, java.lang.Object, int, java.lang.Object)'> (0x00000000cb75cc00) 
thrown [s\src\hotspot\share\interpreter\linkResolver.cpp, line 759]
Event: 13.710 Thread 0x000001ac129baeb0 Exception <a 'java/lang/NoSuchMethodError'{0x00000000cb784170}: 'java.lang.Object java.lang.invoke.DirectMethodHandle$Holder.newInvokeSpecial(java.lang.Object, java.lang.Object, int, java.lang.Object)'> (0x00000000cb784170) 
thrown [s\src\hotspot\share\interpreter\linkResolver.cpp, line 759]
Event: 13.710 Thread 0x000001ac129baeb0 Exception <a 'java/lang/NoSuchMethodError'{0x00000000cb787fb8}: 'java.lang.Object java.lang.invoke.DirectMethodHandle$Holder.invokeSpecial(java.lang.Object, java.lang.Object, java.lang.Object, int, java.lang.Object)'> (0x00000000cb787fb8) 
thrown [s\src\hotspot\share\interpreter\linkResolver.cpp, line 759]
Event: 13.766 Thread 0x000001ac129baeb0 Exception <a 'java/lang/NoSuchMethodError'{0x00000000cb6a23f0}: 'void java.lang.invoke.DirectMethodHandle$Holder.invokeSpecial(java.lang.Object, java.lang.Object, int, java.lang.Object)'> (0x00000000cb6a23f0) 
thrown [s\src\hotspot\share\interpreter\linkResolver.cpp, line 759]
Event: 13.768 Thread 0x000001ac129baeb0 Exception <a 'java/lang/NoSuchMethodError'{0x00000000cb6a92e8}: 'java.lang.Object java.lang.invoke.DirectMethodHandle$Holder.newInvokeSpecial(java.lang.Object, java.lang.Object, int)'> (0x00000000cb6a92e8) 
thrown [s\src\hotspot\share\interpreter\linkResolver.cpp, line 759]
Event: 13.855 Thread 0x000001ac129baeb0 Exception <a 'java/lang/NoSuchMethodError'{0x00000000cb458be0}: 'java.lang.Object java.lang.invoke.DirectMethodHandle$Holder.newInvokeSpecial(java.lang.Object, java.lang.Object, java.lang.Object, java.lang.Object, java.lang.Object, java.lang.Object, java.lang.Object, java.lang.Object, java.lang.Object, java.lang.Object, java.lang.Object, java.lang.Object)'> (0x00000000cb458be0) 
thrown [s\src\hotspot\share\interpreter\linkResolver.cpp, line 759]
Event: 13.856 Thread 0x000001ac129baeb0 Exception <a 'java/lang/NoSuchMethodError'{0x00000000cb45dad8}: 'java.lang.Object java.lang.invoke.DirectMethodHandle$Holder.invokeSpecial(java.lang.Object, java.lang.Object, java.lang.Object, java.lang.Object, java.lang.Object, java.lang.Object, java.lang.Object, java.lang.Object, java.lang.Object, java.lang.Object, java.lang.Object, java.lang.Object, java.lang.Object)'> (0x00000000cb45dad8) 
thrown [s\src\hotspot\share\interpreter\linkResolver.cpp, line 759]
Event: 13.857 Thread 0x000001ac129baeb0 Exception <a 'java/lang/NoSuchMethodError'{0x00000000cb462760}: 'java.lang.Object java.lang.invoke.Invokers$Holder.linkToTargetMethod(java.lang.Object, java.lang.Object, java.lang.Object, java.lang.Object, java.lang.Object, java.lang.Object, java.lang.Object, java.lang.Object, java.lang.Object, java.lang.Object, java.lang.Object, java.lang.Object)'> (0x00000000cb462760) 
thrown [s\src\hotspot\share\interpreter\linkResolver.cpp, line 759]
Event: 13.874 Thread 0x000001ac129baeb0 Exception <a 'java/lang/NoSuchMethodError'{0x00000000cb4bebf8}: 'void java.lang.invoke.DirectMethodHandle$Holder.invokeSpecial(java.lang.Object, java.lang.Object, java.lang.Object, java.lang.Object, java.lang.Object)'> (0x00000000cb4bebf8) 
thrown [s\src\hotspot\share\interpreter\linkResolver.cpp, line 759]
Event: 13.882 Thread 0x000001ac129baeb0 Exception <a 'java/lang/NoSuchMethodError'{0x00000000cb4e1fd8}: 'void java.lang.invoke.DirectMethodHandle$Holder.invokeInterface(java.lang.Object, java.lang.Object, java.lang.Object)'> (0x00000000cb4e1fd8) 
thrown [s\src\hotspot\share\interpreter\linkResolver.cpp, line 759]
Event: 13.893 Thread 0x000001ac129baeb0 Exception <a 'java/lang/IncompatibleClassChangeError'{0x00000000cb30ac98}: Found class java.lang.Object, but interface was expected> (0x00000000cb30ac98) 
thrown [s\src\hotspot\share\interpreter\linkResolver.cpp, line 826]
Event: 13.947 Thread 0x000001ac129baeb0 Exception <a 'java/lang/IncompatibleClassChangeError'{0x00000000cb2160c0}: Found class java.lang.Object, but interface was expected> (0x00000000cb2160c0) 
thrown [s\src\hotspot\share\interpreter\linkResolver.cpp, line 826]
Event: 13.983 Thread 0x000001ac129baeb0 Exception <a 'java/lang/NoSuchMethodError'{0x00000000cb2be6a0}: 'java.lang.Object java.lang.invoke.DirectMethodHandle$Holder.newInvokeSpecial(java.lang.Object, java.lang.Object, int, java.lang.Object, int, java.lang.Object, java.lang.Object)'> (0x00000000cb2be6a0) 
thrown [s\src\hotspot\share\interpreter\linkResolver.cpp, line 759]
Event: 14.043 Thread 0x000001ac129baeb0 Exception <a 'java/lang/NoSuchMethodError'{0x00000000cb1b7f80}: 'java.lang.Object java.lang.invoke.DirectMethodHandle$Holder.newInvokeSpecial(java.lang.Object, java.lang.Object, java.lang.Object, java.lang.Object, java.lang.Object, java.lang.Object, java.lang.Object, int)'> (0x00000000cb1b7f80) 
thrown [s\src\hotspot\share\interpreter\linkResolver.cpp, line 759]
Event: 14.044 Thread 0x000001ac129baeb0 Exception <a 'java/lang/NoSuchMethodError'{0x00000000cb1bd2d0}: 'java.lang.Object java.lang.invoke.DirectMethodHandle$Holder.invokeSpecial(java.lang.Object, java.lang.Object, java.lang.Object, java.lang.Object, java.lang.Object, java.lang.Object, java.lang.Object, java.lang.Object, int)'> (0x00000000cb1bd2d0) 
thrown [s\src\hotspot\share\interpreter\linkResolver.cpp, line 759]
Event: 14.044 Thread 0x000001ac129baeb0 Exception <a 'java/lang/NoSuchMethodError'{0x00000000cb1c1d98}: 'java.lang.Object java.lang.invoke.Invokers$Holder.linkToTargetMethod(java.lang.Object, java.lang.Object, java.lang.Object, java.lang.Object, java.lang.Object, java.lang.Object, int, java.lang.Object)'> (0x00000000cb1c1d98) 
thrown [s\src\hotspot\share\interpreter\linkResolver.cpp, line 759]
Event: 14.106 Thread 0x000001ac129baeb0 Exception <a 'java/lang/NoSuchMethodError'{0x00000000cb0a1f58}: 'void java.lang.invoke.DirectMethodHandle$Holder.invokeInterface(java.lang.Object, java.lang.Object)'> (0x00000000cb0a1f58) 
thrown [s\src\hotspot\share\interpreter\linkResolver.cpp, line 759]

VM Operations (20 events):
Event: 12.083 Executing VM operation: G1PauseCleanup
Event: 12.084 Executing VM operation: G1PauseCleanup done
Event: 12.580 Executing VM operation: HandshakeAllThreads
Event: 12.580 Executing VM operation: HandshakeAllThreads done
Event: 12.712 Executing VM operation: HandshakeAllThreads
Event: 12.712 Executing VM operation: HandshakeAllThreads done
Event: 13.011 Executing VM operation: HandshakeAllThreads
Event: 13.011 Executing VM operation: HandshakeAllThreads done
Event: 13.214 Executing VM operation: HandshakeAllThreads
Event: 13.214 Executing VM operation: HandshakeAllThreads done
Event: 13.214 Executing VM operation: Cleanup
Event: 13.214 Executing VM operation: Cleanup done
Event: 13.343 Executing VM operation: G1CollectForAllocation
Event: 13.350 Executing VM operation: G1CollectForAllocation done
Event: 13.545 Executing VM operation: ICBufferFull
Event: 13.545 Executing VM operation: ICBufferFull done
Event: 13.754 Executing VM operation: HandshakeAllThreads
Event: 13.755 Executing VM operation: HandshakeAllThreads done
Event: 14.138 Executing VM operation: G1CollectForAllocation
Event: 14.144 Executing VM operation: G1CollectForAllocation done

Memory protections (0 events):
No events

Nmethod flushes (0 events):
No events

Events (20 events):
Event: 0.097 Thread 0x000001ac129baeb0 Thread added: 0x000001ac28c34010
Event: 0.097 Thread 0x000001ac129baeb0 Thread added: 0x000001ac28c36cf0
Event: 0.098 Thread 0x000001ac129baeb0 Thread added: 0x000001ac28c375c0
Event: 0.098 Thread 0x000001ac129baeb0 Thread added: 0x000001ac28c3fea0
Event: 0.098 Thread 0x000001ac129baeb0 Thread added: 0x000001ac28c43fa0
Event: 0.098 Thread 0x000001ac129baeb0 Thread added: 0x000001ac28c44960
Event: 0.098 Thread 0x000001ac129baeb0 Thread added: 0x000001ac28c47a60
Event: 0.192 Thread 0x000001ac129baeb0 Thread added: 0x000001ac2d1252b0
Event: 0.203 Thread 0x000001ac129baeb0 Thread added: 0x000001ac2d146010
Event: 0.668 Thread 0x000001ac129baeb0 Thread added: 0x000001ac2d581730
Event: 1.737 Thread 0x000001ac129baeb0 Thread added: 0x000001ac2e1f51f0
Event: 1.740 Thread 0x000001ac129baeb0 Thread added: 0x000001ac2e1f56d0
Event: 3.214 Thread 0x000001ac129baeb0 Thread added: 0x000001ac2e41caa0
Event: 3.414 Thread 0x000001ac129baeb0 Thread added: 0x000001ac2e4c6010
Event: 4.847 Thread 0x000001ac2e41caa0 Thread added: 0x000001ac2e5ee050
Event: 5.862 Thread 0x000001ac2e41caa0 Thread added: 0x000001ac2e5f03c0
Event: 8.958 Thread 0x000001ac2e4c6010 Thread exited: 0x000001ac2e4c6010
Event: 9.269 Thread 0x000001ac129baeb0 Thread added: 0x000001ac2e5ef490
Event: 9.356 Thread 0x000001ac129baeb0 Thread added: 0x000001ac2e5ef9a0
Event: 12.558 Thread 0x000001ac2e41caa0 Thread added: 0x000001ac2e5ed120


Dynamic libraries:
0x00007ff73a250000 - 0x00007ff73a25e000 	C:\Users\aleja\.vscode\extensions\redhat.java-1.36.0-win32-x64\jre\17.0.13-win32-x86_64\bin\java.exe
0x00007ff8c3910000 - 0x00007ff8c3b27000 	C:\WINDOWS\SYSTEM32\ntdll.dll
0x00007ff8c1d80000 - 0x00007ff8c1e44000 	C:\WINDOWS\System32\KERNEL32.DLL
0x00007ff8c0ec0000 - 0x00007ff8c1279000 	C:\WINDOWS\System32\KERNELBASE.dll
0x00007ff8c1330000 - 0x00007ff8c1441000 	C:\WINDOWS\System32\ucrtbase.dll
0x00007ff87cb50000 - 0x00007ff87cb6e000 	C:\Users\aleja\.vscode\extensions\redhat.java-1.36.0-win32-x64\jre\17.0.13-win32-x86_64\bin\VCRUNTIME140.dll
0x00007ff87cb70000 - 0x00007ff87cb87000 	C:\Users\aleja\.vscode\extensions\redhat.java-1.36.0-win32-x64\jre\17.0.13-win32-x86_64\bin\jli.dll
0x00007ff8c1ae0000 - 0x00007ff8c1c8e000 	C:\WINDOWS\System32\USER32.dll
0x00007ff8c0c10000 - 0x00007ff8c0c36000 	C:\WINDOWS\System32\win32u.dll
0x00007ff8c1810000 - 0x00007ff8c1839000 	C:\WINDOWS\System32\GDI32.dll
0x00007ff8abe50000 - 0x00007ff8ac0e2000 	C:\WINDOWS\WinSxS\amd64_microsoft.windows.common-controls_6595b64144ccf1df_6.0.22621.4391_none_2715d37f73803e96\COMCTL32.dll
0x00007ff8c1450000 - 0x00007ff8c156b000 	C:\WINDOWS\System32\gdi32full.dll
0x00007ff8c1630000 - 0x00007ff8c16d7000 	C:\WINDOWS\System32\msvcrt.dll
0x00007ff8c0e20000 - 0x00007ff8c0eba000 	C:\WINDOWS\System32\msvcp_win.dll
0x00007ff8c2950000 - 0x00007ff8c2981000 	C:\WINDOWS\System32\IMM32.DLL
0x00007ff889c50000 - 0x00007ff889c5c000 	C:\Users\aleja\.vscode\extensions\redhat.java-1.36.0-win32-x64\jre\17.0.13-win32-x86_64\bin\vcruntime140_1.dll
0x00007ff877d20000 - 0x00007ff877dad000 	C:\Users\aleja\.vscode\extensions\redhat.java-1.36.0-win32-x64\jre\17.0.13-win32-x86_64\bin\msvcp140.dll
0x00007ff841d10000 - 0x00007ff84297b000 	C:\Users\aleja\.vscode\extensions\redhat.java-1.36.0-win32-x64\jre\17.0.13-win32-x86_64\bin\server\jvm.dll
0x00007ff8c1cc0000 - 0x00007ff8c1d72000 	C:\WINDOWS\System32\ADVAPI32.dll
0x00007ff8c2f40000 - 0x00007ff8c2fe7000 	C:\WINDOWS\System32\sechost.dll
0x00007ff8c1300000 - 0x00007ff8c1328000 	C:\WINDOWS\System32\bcrypt.dll
0x00007ff8c27d0000 - 0x00007ff8c28e4000 	C:\WINDOWS\System32\RPCRT4.dll
0x00007ff8c2a30000 - 0x00007ff8c2aa1000 	C:\WINDOWS\System32\WS2_32.dll
0x00007ff8c0ae0000 - 0x00007ff8c0b2d000 	C:\WINDOWS\SYSTEM32\POWRPROF.dll
0x00007ff8bd1c0000 - 0x00007ff8bd1f4000 	C:\WINDOWS\SYSTEM32\WINMM.dll
0x00007ff8b90b0000 - 0x00007ff8b90ba000 	C:\WINDOWS\SYSTEM32\VERSION.dll
0x00007ff8c0ac0000 - 0x00007ff8c0ad3000 	C:\WINDOWS\SYSTEM32\UMPDC.dll
0x00007ff8bfc20000 - 0x00007ff8bfc38000 	C:\WINDOWS\SYSTEM32\kernel.appcore.dll
0x00007ff889660000 - 0x00007ff88966a000 	C:\Users\aleja\.vscode\extensions\redhat.java-1.36.0-win32-x64\jre\17.0.13-win32-x86_64\bin\jimage.dll
0x00007ff8ba200000 - 0x00007ff8ba432000 	C:\WINDOWS\SYSTEM32\DBGHELP.DLL
0x00007ff8c2ff0000 - 0x00007ff8c337f000 	C:\WINDOWS\System32\combase.dll
0x00007ff8c1a00000 - 0x00007ff8c1ad7000 	C:\WINDOWS\System32\OLEAUT32.dll
0x00007ff8a29b0000 - 0x00007ff8a29e2000 	C:\WINDOWS\SYSTEM32\dbgcore.DLL
0x00007ff8c1280000 - 0x00007ff8c12fb000 	C:\WINDOWS\System32\bcryptPrimitives.dll
0x00007ff877e00000 - 0x00007ff877e25000 	C:\Users\aleja\.vscode\extensions\redhat.java-1.36.0-win32-x64\jre\17.0.13-win32-x86_64\bin\java.dll
0x00007ff87cb20000 - 0x00007ff87cb38000 	C:\Users\aleja\.vscode\extensions\redhat.java-1.36.0-win32-x64\jre\17.0.13-win32-x86_64\bin\zip.dll
0x00007ff8c1f50000 - 0x00007ff8c27c6000 	C:\WINDOWS\System32\SHELL32.dll
0x00007ff8beb00000 - 0x00007ff8bf403000 	C:\WINDOWS\SYSTEM32\windows.storage.dll
0x00007ff8be9c0000 - 0x00007ff8beaff000 	C:\WINDOWS\SYSTEM32\wintypes.dll
0x00007ff8c1e50000 - 0x00007ff8c1f49000 	C:\WINDOWS\System32\SHCORE.dll
0x00007ff8c1740000 - 0x00007ff8c179e000 	C:\WINDOWS\System32\shlwapi.dll
0x00007ff8c0b40000 - 0x00007ff8c0b6b000 	C:\WINDOWS\SYSTEM32\profapi.dll
0x00007ff877de0000 - 0x00007ff877df9000 	C:\Users\aleja\.vscode\extensions\redhat.java-1.36.0-win32-x64\jre\17.0.13-win32-x86_64\bin\net.dll
0x00007ff8b9b60000 - 0x00007ff8b9c96000 	C:\WINDOWS\SYSTEM32\WINHTTP.dll
0x00007ff8c00b0000 - 0x00007ff8c0119000 	C:\WINDOWS\system32\mswsock.dll
0x00007ff877dc0000 - 0x00007ff877dd6000 	C:\Users\aleja\.vscode\extensions\redhat.java-1.36.0-win32-x64\jre\17.0.13-win32-x86_64\bin\nio.dll
0x00007ff813a50000 - 0x00007ff813be0000 	C:\Users\aleja\.vscode\extensions\redhat.java-1.36.0-win32-x64\jre\17.0.13-win32-x86_64\bin\awt.dll
0x00007ff8bd2a0000 - 0x00007ff8bd337000 	C:\WINDOWS\SYSTEM32\apphelp.dll
0x00007ff8c0320000 - 0x00007ff8c033b000 	C:\WINDOWS\SYSTEM32\CRYPTSP.dll
0x00007ff8bfb80000 - 0x00007ff8bfbb5000 	C:\WINDOWS\system32\rsaenh.dll
0x00007ff8c01c0000 - 0x00007ff8c01e8000 	C:\WINDOWS\SYSTEM32\USERENV.dll
0x00007ff8c0340000 - 0x00007ff8c034c000 	C:\WINDOWS\SYSTEM32\CRYPTBASE.dll
0x00007ff8bf670000 - 0x00007ff8bf69d000 	C:\WINDOWS\SYSTEM32\IPHLPAPI.DLL
0x00007ff8c1c90000 - 0x00007ff8c1c99000 	C:\WINDOWS\System32\NSI.dll
0x00007ff8b9b20000 - 0x00007ff8b9b39000 	C:\WINDOWS\SYSTEM32\dhcpcsvc6.DLL
0x00007ff8b9ad0000 - 0x00007ff8b9aef000 	C:\WINDOWS\SYSTEM32\dhcpcsvc.DLL
0x00007ff8bf6e0000 - 0x00007ff8bf7e2000 	C:\WINDOWS\SYSTEM32\DNSAPI.dll
0x00007ff865190000 - 0x00007ff865217000 	C:\Users\aleja\.vscode\extensions\redhat.java-1.36.0-win32-x64\jre\17.0.13-win32-x86_64\bin\freetype.dll
0x00007ff81afb0000 - 0x00007ff81b08b000 	C:\Users\aleja\.vscode\extensions\redhat.java-1.36.0-win32-x64\jre\17.0.13-win32-x86_64\bin\fontmanager.dll
0x00007ff8be530000 - 0x00007ff8be55b000 	C:\WINDOWS\system32\DWMAPI.DLL
0x00007ff8be0e0000 - 0x00007ff8be191000 	C:\WINDOWS\system32\uxtheme.dll
0x00007ff8c2ab0000 - 0x00007ff8c2c10000 	C:\WINDOWS\System32\MSCTF.dll
0x00007ff8c2d90000 - 0x00007ff8c2f35000 	C:\WINDOWS\System32\ole32.dll
0x00007ff88ed20000 - 0x00007ff88ee20000 	C:\WINDOWS\system32\opengl32.dll
0x00007ff88eb40000 - 0x00007ff88eb6d000 	C:\WINDOWS\SYSTEM32\GLU32.dll
0x00007ff8be1f0000 - 0x00007ff8be227000 	C:\WINDOWS\SYSTEM32\dxcore.dll
0x00007ff88eb70000 - 0x00007ff88ed18000 	C:\WINDOWS\system32\d3d9.dll
0x00007ff8b2470000 - 0x00007ff8b2628000 	C:\WINDOWS\System32\DriverStore\FileRepository\u0376648.inf_amd64_10263edfe9a1aa63\B374868\aticfx64.dll
0x00007ff865150000 - 0x00007ff865184000 	C:\WINDOWS\System32\DriverStore\FileRepository\u0376648.inf_amd64_10263edfe9a1aa63\B374868\atiu9p64.dll
0x00007ff8121b0000 - 0x00007ff812f04000 	C:\WINDOWS\System32\DriverStore\FileRepository\u0376648.inf_amd64_10263edfe9a1aa63\B374868\atiumd64.dll
0x000000006fe30000 - 0x0000000070ca3000 	C:\WINDOWS\System32\DriverStore\FileRepository\u0376648.inf_amd64_10263edfe9a1aa63\B374868\atiumd6a.dll
0x00007ff8c3450000 - 0x00007ff8c38c4000 	C:\WINDOWS\System32\SETUPAPI.dll
0x00007ff8af320000 - 0x00007ff8af350000 	C:\WINDOWS\SYSTEM32\amdihk64.dll
0x00007ff8b9810000 - 0x00007ff8b9859000 	C:\WINDOWS\SYSTEM32\directxdatabasehelper.dll
0x00007ff89b7e0000 - 0x00007ff89b7e6000 	C:\Users\aleja\AppData\Local\Temp\flatlaf.temp\flatlaf-windows-x86_64-213564513711000.dll
0x00007ff8650a0000 - 0x00007ff8650ce000 	C:\Users\aleja\.vscode\extensions\redhat.java-1.36.0-win32-x64\jre\17.0.13-win32-x86_64\bin\javajpeg.dll
0x00007ff87cae0000 - 0x00007ff87caf0000 	C:\Users\aleja\.vscode\extensions\redhat.java-1.36.0-win32-x64\jre\17.0.13-win32-x86_64\bin\verify.dll
0x00007ff8c33a0000 - 0x00007ff8c3450000 	C:\WINDOWS\System32\clbcatq.dll
0x00007ff8bdef0000 - 0x00007ff8be0a0000 	C:\WINDOWS\SYSTEM32\WindowsCodecs.dll
0x00007ff892240000 - 0x00007ff89229e000 	C:\WINDOWS\system32\dataexchange.dll
0x00007ff8b9520000 - 0x00007ff8b97c4000 	C:\WINDOWS\system32\twinapi.appcore.dll
0x00007ff89b7d0000 - 0x00007ff89b7d7000 	C:\Users\aleja\.vscode\extensions\redhat.java-1.36.0-win32-x64\jre\17.0.13-win32-x86_64\bin\jawt.dll
0x00007ff8ad060000 - 0x00007ff8ad1a5000 	C:\WINDOWS\SYSTEM32\textinputframework.dll
0x00007ff844e40000 - 0x00007ff844ec2000 	C:\Users\aleja\.vscode\extensions\redhat.java-1.36.0-win32-x64\jre\17.0.13-win32-x86_64\bin\mlib_image.dll
0x00007ff8bca30000 - 0x00007ff8bcb63000 	C:\WINDOWS\SYSTEM32\CoreMessaging.dll
0x00007ff8b8ba0000 - 0x00007ff8b8f0d000 	C:\WINDOWS\SYSTEM32\CoreUIComponents.dll
0x00007ff8a9c80000 - 0x00007ff8a9c8a000 	C:\Windows\System32\rasadhlp.dll
0x00007ff8ac770000 - 0x00007ff8ac7f3000 	C:\WINDOWS\System32\fwpuclnt.dll
0x00007ff896ab0000 - 0x00007ff896ab9000 	C:\Users\aleja\.vscode\extensions\redhat.java-1.36.0-win32-x64\jre\17.0.13-win32-x86_64\bin\extnet.dll
0x00007ff89b400000 - 0x00007ff89b40a000 	C:\Users\aleja\.vscode\extensions\redhat.java-1.36.0-win32-x64\jre\17.0.13-win32-x86_64\bin\management.dll
0x00007ff89b3c0000 - 0x00007ff89b3cb000 	C:\Users\aleja\.vscode\extensions\redhat.java-1.36.0-win32-x64\jre\17.0.13-win32-x86_64\bin\management_ext.dll
0x00007ff8c17b0000 - 0x00007ff8c17b8000 	C:\WINDOWS\System32\PSAPI.DLL

dbghelp: loaded successfully - version: 4.0.5 - missing functions: none
symbol engine: initialized successfully - sym options: 0x614 - pdb path: .;C:\Users\aleja\.vscode\extensions\redhat.java-1.36.0-win32-x64\jre\17.0.13-win32-x86_64\bin;C:\WINDOWS\SYSTEM32;C:\WINDOWS\WinSxS\amd64_microsoft.windows.common-controls_6595b64144ccf1df_6.0.22621.4391_none_2715d37f73803e96;C:\Users\aleja\.vscode\extensions\redhat.java-1.36.0-win32-x64\jre\17.0.13-win32-x86_64\bin\server;C:\WINDOWS\System32\DriverStore\FileRepository\u0376648.inf_amd64_10263edfe9a1aa63\B374868;C:\Users\aleja\AppData\Local\Temp\flatlaf.temp

VM Arguments:
jvm_args: -XX:+ShowCodeDetailsInExceptionMessages 
java_command: co.edu.unbosque.controller.AplMain
java_class_path (initial): C:\Users\aleja\Documents\GitHub\rosita\target\classes;C:\Users\aleja\.m2\repository\com\toedter\jcalendar\1.4\jcalendar-1.4.jar;C:\Users\aleja\.m2\repository\org\hibernate\orm\hibernate-core\6.6.0.Final\hibernate-core-6.6.0.Final.jar;C:\Users\aleja\.m2\repository\jakarta\transaction\jakarta.transaction-api\2.0.1\jakarta.transaction-api-2.0.1.jar;C:\Users\aleja\.m2\repository\org\jboss\logging\jboss-logging\3.5.0.Final\jboss-logging-3.5.0.Final.jar;C:\Users\aleja\.m2\repository\org\hibernate\common\hibernate-commons-annotations\7.0.1.Final\hibernate-commons-annotations-7.0.1.Final.jar;C:\Users\aleja\.m2\repository\io\smallrye\jandex\3.2.0\jandex-3.2.0.jar;C:\Users\aleja\.m2\repository\com\fasterxml\classmate\1.5.1\classmate-1.5.1.jar;C:\Users\aleja\.m2\repository\net\bytebuddy\byte-buddy\1.14.18\byte-buddy-1.14.18.jar;C:\Users\aleja\.m2\repository\jakarta\xml\bind\jakarta.xml.bind-api\4.0.0\jakarta.xml.bind-api-4.0.0.jar;C:\Users\aleja\.m2\repository\jakarta\activation\jakarta.activation-api\2.1.0\jakarta.activation-api-2.1.0.jar;C:\Users\aleja\.m2\repository\org\glassfish\jaxb\jaxb-runtime\4.0.2\jaxb-runtime-4.0.2.jar;C:\Users\aleja\.m2\repository\org\glassfish\jaxb\jaxb-core\4.0.2\jaxb-core-4.0.2.jar;C:\Users\aleja\.m2\repository\org\eclipse\angus\angus-activation\2.0.0\angus-activation-2.0.0.jar;C:\Users\aleja\.m2\repository\org\glassfish\jaxb\txw2\4.0.2\txw2-4.0.2.jar;C:\Users\aleja\.m2\repository\com\sun\istack\istack-commons-runtime\4.1.1\istack-commons-runtime-4.1.1.jar;C:\Users\aleja\.m2\repository\jakarta\inject\jakarta.inject-api\2.0.1\jakarta.inject-api-2.0.1.jar;C:\Users\aleja\.m2\repository\org\antlr\antlr4-runtime\4.13.0\antlr4-runtime-4.13.0.jar;C:\Users\aleja\.m2\repository\jakarta\persistence\jakarta.persistence-api\3.2.0\jakarta.persistence-api-3.2.0.jar;C:\Users\aleja\.m2\repository\org\postgresql\postgresql\42.7.3\postgresql-42.7.3.jar;C:\Users\aleja\.m2\repository\org\checkerframework\checker-qual\3.42.0\checker-qual-
Launcher Type: SUN_STANDARD

[Global flags]
     intx CICompilerCount                          = 3                                         {product} {ergonomic}
     uint ConcGCThreads                            = 1                                         {product} {ergonomic}
     uint G1ConcRefinementThreads                  = 4                                         {product} {ergonomic}
   size_t G1HeapRegionSize                         = 1048576                                   {product} {ergonomic}
    uintx GCDrainStackTargetSize                   = 64                                        {product} {ergonomic}
   size_t InitialHeapSize                          = 58720256                                  {product} {ergonomic}
   size_t MarkStackSize                            = 4194304                                   {product} {ergonomic}
   size_t MaxHeapSize                              = 924844032                                 {product} {ergonomic}
   size_t MaxNewSize                               = 554696704                                 {product} {ergonomic}
   size_t MinHeapDeltaBytes                        = 1048576                                   {product} {ergonomic}
   size_t MinHeapSize                              = 8388608                                   {product} {ergonomic}
    uintx NonNMethodCodeHeapSize                   = 5832780                                {pd product} {ergonomic}
    uintx NonProfiledCodeHeapSize                  = 122912730                              {pd product} {ergonomic}
    uintx ProfiledCodeHeapSize                     = 122912730                              {pd product} {ergonomic}
    uintx ReservedCodeCacheSize                    = 251658240                              {pd product} {ergonomic}
     bool SegmentedCodeCache                       = true                                      {product} {ergonomic}
     bool ShowCodeDetailsInExceptionMessages       = true                                   {manageable} {command line}
   size_t SoftMaxHeapSize                          = 924844032                              {manageable} {ergonomic}
     bool UseCompressedClassPointers               = true                           {product lp64_product} {ergonomic}
     bool UseCompressedOops                        = true                           {product lp64_product} {ergonomic}
     bool UseG1GC                                  = true                                      {product} {ergonomic}
     bool UseLargePagesIndividualAllocation        = false                                  {pd product} {ergonomic}

Logging:
Log output configuration:
 #0: stdout all=warning uptime,level,tags
 #1: stderr all=off uptime,level,tags

Environment Variables:
PATH=C:\Program Files (x86)\Common Files\Oracle\Java\javapath;C:\WINDOWS\system32;C:\WINDOWS;C:\WINDOWS\System32\Wbem;C:\WINDOWS\System32\WindowsPowerShell\v1.0\;C:\WINDOWS\System32\OpenSSH\;C:\Program Files\nodejs\;C:\Program Files\Docker\Docker\resources\bin;C:\Users\aleja\AppData\Local\Microsoft\WindowsApps;C:\Users\aleja\AppData\Local\Programs\Microsoft VS Code\bin;C:\Users\aleja\AppData\Roaming\npm
USERNAME=aleja
LANG=en_US.UTF-8
OS=Windows_NT
PROCESSOR_IDENTIFIER=AMD64 Family 23 Model 24 Stepping 1, AuthenticAMD
TMP=C:\Users\aleja\AppData\Local\Temp
TEMP=C:\Users\aleja\AppData\Local\Temp



Periodic native trim disabled


---------------  S Y S T E M  ---------------

OS:
 Windows 11 , 64 bit Build 22621 (10.0.22621.4391)
OS uptime: 0 days 5:56 hours
Hyper-V role detected

CPU: total 4 (initial active 4) (4 cores per cpu, 2 threads per core) family 23 model 24 stepping 1 microcode 0x0, cx8, cmov, fxsr, ht, mmx, 3dnowpref, sse, sse2, sse3, ssse3, sse4a, sse4.1, sse4.2, popcnt, lzcnt, tsc, tscinvbit, avx, avx2, aes, clmul, bmi1, bmi2, adx, sha, fma, vzeroupper, clflush, clflushopt, hv
Processor Information for all 4 processors :
  Max Mhz: 2600, Current Mhz: 2600, Mhz Limit: 2600

Memory: 4k page, system-wide physical 3526M (129M free)
TotalPageFile size 14278M (AvailPageFile size 78M)
current process WorkingSet (physical memory assigned to process): 234M, peak: 234M
current process commit charge ("private bytes"): 278M, peak: 278M

vm_info: OpenJDK 64-Bit Server VM (17.0.13+11) for windows-amd64 JRE (17.0.13+11), built on Oct 16 2024 00:10:08 by "admin" with MS VC++ 17.7 (VS2022)

END.
